#
# A fatal error has been detected by the Java Runtime Environment:
#
#  EXCEPTION_ACCESS_VIOLATION (0xc0000005) at pc=0x00007fff4e83a242, pid=2148, tid=1940
#
# JRE version: OpenJDK Runtime Environment (17.0.6) (build 17.0.6+0-b2043.56-10027231)
# Java VM: OpenJDK 64-Bit Server VM (17.0.6+0-b2043.56-10027231, mixed mode, tiered, compressed oops, compressed class ptrs, g1 gc, windows-amd64)
# Problematic frame:
# V  [jvm.dll+0x2da242]
#
# No core dump will be written. Minidumps are not enabled by default on client versions of Windows
#
# If you would like to submit a bug report, please visit:
#   https://bugreport.java.com/bugreport/crash.jsp
#

---------------  S U M M A R Y ------------

Command Line: --add-opens=java.base/java.util=ALL-UNNAMED --add-opens=java.base/java.lang=ALL-UNNAMED --add-opens=java.base/java.lang.invoke=ALL-UNNAMED --add-opens=java.base/java.util=ALL-UNNAMED --add-opens=java.prefs/java.util.prefs=ALL-UNNAMED --add-opens=java.prefs/java.util.prefs=ALL-UNNAMED --add-opens=java.base/java.nio.charset=ALL-UNNAMED --add-opens=java.base/java.net=ALL-UNNAMED --add-opens=java.base/java.util.concurrent.atomic=ALL-UNNAMED -Xmx2048m -Dfile.encoding=UTF-8 -Duser.country=US -Duser.language=en -Duser.variant org.gradle.launcher.daemon.bootstrap.GradleDaemon 7.2

Host: Intel(R) Core(TM) i3-2350M CPU @ 2.30GHz, 4 cores, 3G,  Windows 10 , 64 bit Build 19041 (10.0.19041.3636)
Time: Wed Nov 29 07:35:07 2023 Pakistan Standard Time elapsed time: 93.903338 seconds (0d 0h 1m 33s)

---------------  T H R E A D  ---------------

Current thread (0x000001e090496960):  ConcurrentGCThread "G1 Conc#0" [stack: 0x0000007b08500000,0x0000007b08600000] [id=1940]

Stack: [0x0000007b08500000,0x0000007b08600000],  sp=0x0000007b085ff560,  free space=1021k
Native frames: (J=compiled Java code, j=interpreted, Vv=VM code, C=native code)
V  [jvm.dll+0x2da242]
V  [jvm.dll+0x2d9f8f]
V  [jvm.dll+0x2d81bd]
V  [jvm.dll+0x2d7e01]
V  [jvm.dll+0x2ed9be]
V  [jvm.dll+0x2ea131]
V  [jvm.dll+0x2eba8c]
V  [jvm.dll+0x2eaa64]
V  [jvm.dll+0x2ee5c6]
V  [jvm.dll+0x86fb6b]
V  [jvm.dll+0x86fbb6]
V  [jvm.dll+0x7f274a]
V  [jvm.dll+0x682ad5]
C  [ucrtbase.dll+0x21bb2]
C  [KERNEL32.DLL+0x17344]
C  [ntdll.dll+0x526b1]


siginfo: EXCEPTION_ACCESS_VIOLATION (0xc0000005), reading address 0x00000000000000c8


Register to memory mapping:

RIP=0x00007fff4e83a242 jvm.dll
RAX=0x000001e090451e00 points into unknown readable memory: 0x0000000000000000 | 00 00 00 00 00 00 00 00
RBX=0x000001e090498d30 points into unknown readable memory: 0x00007fff4eec29c8 | c8 29 ec 4e ff 7f 00 00
RCX=0x0000000000000014 is an unknown value
RDX=0x0 is NULL
RSP=0x0000007b085ff560 points into unknown readable memory: 0x000000008588cff8 | f8 cf 88 85 00 00 00 00
RBP=0x0 is NULL
RSI=0x000001e090485610 points into unknown readable memory: 0x000001e090495f50 | 50 5f 49 90 e0 01 00 00
RDI=0x00000000a5c73118 is an unallocated location in the heap
R8 =0x00000000a5c73118 is an unallocated location in the heap
R9 =0x0 is NULL
R10=0x00000000000000ab is an unknown value
R11=0x0000000000000003 is an unknown value
R12=0x0 is NULL
R13=0xaaaaaaaaaaaaaaab is an unknown value
R14=0x0000000100196aa0 is a pointer to class: 
com.google.common.collect.ImmutableList$SubList {0x0000000100196aa8}
 - instance size:     3
 - klass size:        168
 - access:            synchronized 
 - state:             loaded
 - name:              'com/google/common/collect/ImmutableList$SubList'
 - super:             'com/google/common/collect/ImmutableList'
 - sub:               
 - arrays:            NULL
 - methods:           Array<T>(0x000001e0ac420c10)
 - method ordering:   Array<T>(0x000001e0a9c00018)
 - default_methods:   Array<T>(0x000001e0ac421350)
 - default vtable indices:   Array<T>(0x000001e0ac421370)
 - local interfaces:  Array<T>(0x000001e0a9c00058)
 - trans. interfaces: Array<T>(0x000001e0ac12f728)
 - constants:         constant pool [77] {0x000001e0ac420918} for 'com/google/common/collect/ImmutableList$SubList'
 - class loader data:  loader data: 0x000001e0aa7fc940 for instance a 'org/gradle/internal/classloader/VisitableURLClassLoader'{0x00000000804ebd08}
 - source file:       'ImmutableList.java'
 - class annotations:       Array<T>(0x0000000000000000)
 - class type annotations:  Array<T>(0x0000000000000000)
 - field annotations:       Array<T>(0x0000000000000000)
 - field type annotations:  Array<T>(0x0000000000000000)
 - generic signature: 'Lcom/google/common/collect/ImmutableList<TE;>;'
 - inner classes:     Array<T>(0x000001e0ac421338)
 - nest members:     Array<T>(0x000001e0a9c00028)
 - permitted subclasses:     Array<T>(0x000001e0a9c00028)
 - java mirror:       a 'java/lang/Class'{0x0000000080edaa10} = 'com/google/common/collect/ImmutableList$SubList'
 - vtable length      46  (start addr: 0x0000000100196c90)
 - itable length      59 (start addr: 0x0000000100196e00)
 - ---- static fields (0 words):
 - ---- non-static fields (3 words):
 - final transient 'offset' 'I' @12 
 - final transient 'length' 'I' @16 
 - final synthetic 'this$0' 'Lcom/google/common/collect/ImmutableList;' @20 
 - non-static oop maps: 20-20 
R15=0x0000000085c73108 is an oop: com.google.common.collect.RegularImmutableList 
{0x0000000085c73108} - klass: 'com/google/common/collect/RegularImmutableList'
 - ---- fields (total size 2 words):
 - final transient 'array' '[Ljava/lang/Object;' @12  
[error occurred during error reporting (printing register info), id 0xc0000005, EXCEPTION_ACCESS_VIOLATION (0xc0000005) at pc=0x00007fff4e8f59de]

Registers:
RAX=0x000001e090451e00, RBX=0x000001e090498d30, RCX=0x0000000000000014, RDX=0x0000000000000000
RSP=0x0000007b085ff560, RBP=0x0000000000000000, RSI=0x000001e090485610, RDI=0x00000000a5c73118
R8 =0x00000000a5c73118, R9 =0x0000000000000000, R10=0x00000000000000ab, R11=0x0000000000000003
R12=0x0000000000000000, R13=0xaaaaaaaaaaaaaaab, R14=0x0000000100196aa0, R15=0x0000000085c73108
RIP=0x00007fff4e83a242, EFLAGS=0x0000000000010206

Top of Stack: (sp=0x0000007b085ff560)
0x0000007b085ff560:   000000008588cff8 00007fff4e83a274
0x0000007b085ff570:   000001e090498d30 0000007b085ff730
0x0000007b085ff580:   00000000a5c73118 00007fff4e839f8f
0x0000007b085ff590:   000001e090498d30 0000007b085ff730
0x0000007b085ff5a0:   0000000100196a98 0000007b085ff730
0x0000007b085ff5b0:   0000000085c73118 00007fff4e8381bd
0x0000007b085ff5c0:   0000000085c73114 00007fff4e8387dd
0x0000007b085ff5d0:   0000000085c72fc8 00007fff4e837e01
0x0000007b085ff5e0:   0000007b085ff6f0 0000000000000001
0x0000007b085ff5f0:   0000000085c73108 00007fff4e837e01
0x0000007b085ff600:   0000000100196540 0000000000000002
0x0000007b085ff610:   0000007b085ff730 0000000000000040
0x0000007b085ff620:   000001e090498d30 00007fff4e84d9be
0x0000007b085ff630:   0000000085c73108 000001e090485660
0x0000007b085ff640:   0000007b085ff6f0 000001e090485660
0x0000007b085ff650:   0000000085c73108 00007fff4e84a131 

Instructions: (pc=0x00007fff4e83a242)
0x00007fff4e83a142:   48 3b c8 75 ee 32 db 48 8b 6c 24 38 0f b6 c3 48
0x00007fff4e83a152:   8b 5c 24 30 48 8b 74 24 40 48 83 c4 20 5f c3 80
0x00007fff4e83a162:   3d a7 66 8b 00 00 b3 01 74 15 8b 57 08 8b 0d 83
0x00007fff4e83a172:   a1 84 00 48 d3 e2 48 03 15 71 a1 84 00 eb 04 48
0x00007fff4e83a182:   8b 57 08 48 8b cf e8 f3 28 d3 ff 4c 63 d8 48 8b
0x00007fff4e83a192:   86 08 03 00 00 4c 8b 04 e8 49 8b 40 18 8b 88 c0
0x00007fff4e83a1a2:   01 00 00 48 8b 90 b8 01 00 00 48 d3 e2 8b 0d 9b
0x00007fff4e83a1b2:   6f 8b 00 48 2b fa 41 8b 50 60 48 d3 ef 44 8b d7
0x00007fff4e83a1c2:   49 23 d2 48 c1 e2 04 49 03 50 40 8b 02 3b c7 74
0x00007fff4e83a1d2:   2d 4c 8b 4a 08 4d 85 c9 74 0c 8b c8 49 8b 40 38
0x00007fff4e83a1e2:   f0 4c 0f c1 0c c8 48 c7 42 08 00 00 00 00 44 89
0x00007fff4e83a1f2:   12 49 ff 40 58 4c 01 5a 08 e9 49 ff ff ff 49 ff
0x00007fff4e83a202:   40 50 4c 01 5a 08 e9 3c ff ff ff cc cc cc 48 89
0x00007fff4e83a212:   6c 24 10 48 89 74 24 18 57 48 83 ec 20 48 8b 41
0x00007fff4e83a222:   08 48 8b f1 4d 8b c8 8b ea 49 8b f8 8b 88 c0 01
0x00007fff4e83a232:   00 00 48 8b 80 b0 01 00 00 49 d3 e9 4e 8b 0c c8
0x00007fff4e83a242:   4d 3b 81 c8 00 00 00 72 12 32 c0 48 8b 6c 24 38
0x00007fff4e83a252:   48 8b 74 24 40 48 83 c4 20 5f c3 48 89 5c 24 30
0x00007fff4e83a262:   48 8b d7 48 8b 9e 98 00 00 00 48 8b cb 48 8b 03
0x00007fff4e83a272:   ff 10 8b 4b 18 48 8b d7 48 2b 53 08 48 8b 43 20
0x00007fff4e83a282:   48 c1 ea 03 48 d3 ea 48 8b ca 48 c1 e9 06 4c 8d
0x00007fff4e83a292:   04 c8 0f b6 ca 49 8b 00 80 e1 3f ba 01 00 00 00
0x00007fff4e83a2a2:   48 d3 e2 48 8b c8 48 0b ca 48 3b c8 74 12 f0 49
0x00007fff4e83a2b2:   0f b1 08 74 25 48 8b c8 48 0b ca 48 3b c8 75 ee
0x00007fff4e83a2c2:   32 db 48 8b 6c 24 38 0f b6 c3 48 8b 5c 24 30 48
0x00007fff4e83a2d2:   8b 74 24 40 48 83 c4 20 5f c3 80 3d 2c 65 8b 00
0x00007fff4e83a2e2:   00 b3 01 74 15 8b 57 08 8b 0d 08 a0 84 00 48 d3
0x00007fff4e83a2f2:   e2 48 03 15 f6 9f 84 00 eb 04 48 8b 57 08 48 8b
0x00007fff4e83a302:   cf e8 78 27 d3 ff 4c 63 d8 48 8b 86 08 03 00 00
0x00007fff4e83a312:   4c 8b 04 e8 49 8b 40 18 8b 88 c0 01 00 00 48 8b
0x00007fff4e83a322:   90 b8 01 00 00 48 d3 e2 8b 0d 20 6e 8b 00 48 2b
0x00007fff4e83a332:   fa 41 8b 50 60 48 d3 ef 44 8b d7 49 23 d2 48 c1 


Stack slot to memory mapping:
stack at sp + 0 slots: 0x000000008588cff8 is an oop: org.gradle.api.internal.attributes.DefaultImmutableAttributes 
{0x000000008588cff8} - klass: 'org/gradle/api/internal/attributes/DefaultImmutableAttributes'
 - ---- fields (total size 6 words):
 - private final 'hashCode' 'I' @12  2092781941 (7cbd5175)
 - private final 'coercionCache' 'Ljava/util/Map;' @16  a 'java/util/concurrent/ConcurrentHashMap'{0x000000008588d028} (8588d028)
 - final 'attribute' 'Lorg/gradle/api/attributes/Attribute;' @20  a 'org/gradle/api/attributes/Attribute'{0x0000000081954ee0} (81954ee0)
 - final 'value' 'Lorg/gradle/internal/isolation/Isolatable;' @24  a 'org/gradle/internal/snapshot/impl/CoercingStringValueSnapshot'{0x0000000081954f38} (81954f38)
 - private final 'hierarchy' 'Lcom/google/common/collect/ImmutableMap;' @28  a 'com/google/common/collect/RegularImmutableMap'{0x000000008588d068} (8588d068)
 - private final 'hierarchyByName' 'Lcom/google/common/collect/ImmutableMap;' @32  a 'com/google/common/collect/RegularImmutableMap'{0x000000008588d178} (8588d178)
 - private final 'singleEntryName' 'Ljava/lang/String;' @36  NULL (0)
 - private final 'singleEntryValue' 'Lorg/gradle/api/internal/attributes/DefaultImmutableAttributes;' @40  NULL (0)
stack at sp + 1 slots: 0x00007fff4e83a274 jvm.dll
stack at sp + 2 slots: 0x000001e090498d30 points into unknown readable memory: 0x00007fff4eec29c8 | c8 29 ec 4e ff 7f 00 00
stack at sp + 3 slots: 0x0000007b085ff730 points into unknown readable memory: 0x00007fff4eec29e8 | e8 29 ec 4e ff 7f 00 00
stack at sp + 4 slots: 0x00000000a5c73118 is an unallocated location in the heap
stack at sp + 5 slots: 0x00007fff4e839f8f jvm.dll
stack at sp + 6 slots: 0x000001e090498d30 points into unknown readable memory: 0x00007fff4eec29c8 | c8 29 ec 4e ff 7f 00 00
stack at sp + 7 slots: 0x0000007b085ff730 points into unknown readable memory: 0x00007fff4eec29e8 | e8 29 ec 4e ff 7f 00 00


---------------  P R O C E S S  ---------------

Threads class SMR info:
_java_thread_list=0x000001e0b1229030, length=87, elements={
0x000001e0904289d0, 0x000001e0aa414260, 0x000001e0aa4150d0, 0x000001e0aa437420,
0x000001e0aa437dd0, 0x000001e0aa438780, 0x000001e0aa439130, 0x000001e0aa43d3c0,
0x000001e0aa448690, 0x000001e0aa453470, 0x000001e0aa5da350, 0x000001e0aa5dd450,
0x000001e0abc96040, 0x000001e0ab90a380, 0x000001e0ab5f3410, 0x000001e0abbda960,
0x000001e0abbdb200, 0x000001e0ab095f90, 0x000001e0abf14020, 0x000001e0abd41e40,
0x000001e0abd42310, 0x000001e0abd3f7c0, 0x000001e0abd41970, 0x000001e0abd3fc90,
0x000001e0abd40b00, 0x000001e0abd40160, 0x000001e0abd40fd0, 0x000001e0abd414a0,
0x000001e0abd3f2f0, 0x000001e0aaf7c8b0, 0x000001e0aaf7cd80, 0x000001e0aaf7d250,
0x000001e0aaf81a80, 0x000001e0aaf7f8d0, 0x000001e0aaf810e0, 0x000001e0aaf7b570,
0x000001e0aaf7dbf0, 0x000001e0aaf828f0, 0x000001e0aaf815b0, 0x000001e0aaf81f50,
0x000001e0aaf7e590, 0x000001e0aaf7ef30, 0x000001e0aaf7ea60, 0x000001e0aaf7f400,
0x000001e0aaf80270, 0x000001e0aaf80740, 0x000001e0aaf80c10, 0x000001e0aaf82420,
0x000001e0ab0be8f0, 0x000001e0ab0bc270, 0x000001e0ab0b7f10, 0x000001e0ab0bc740,
0x000001e0ab0bcc10, 0x000001e0ab0bb400, 0x000001e0ab0bda80, 0x000001e0ab0baf30,
0x000001e0ab0bd0e0, 0x000001e0ab0b9250, 0x000001e0ab0b83e0, 0x000001e0ab0bb8d0,
0x000001e0ab0bd5b0, 0x000001e0ab0bf290, 0x000001e0ab0b88b0, 0x000001e0ab0bf760,
0x000001e0ab0bbda0, 0x000001e0ab0baa60, 0x000001e0ab0bdf50, 0x000001e0ab0be420,
0x000001e0ab0b8d80, 0x000001e0ab0bedc0, 0x000001e0ab0b9720, 0x000001e0ab0b9bf0,
0x000001e0ab0ba0c0, 0x000001e0ab0ba590, 0x000001e0ad910a70, 0x000001e0ad90da50,
0x000001e0ad912c20, 0x000001e0ad90e8c0, 0x000001e0ad90d580, 0x000001e0ad9130f0,
0x000001e0ad913a90, 0x000001e0ad90e3f0, 0x000001e0ad90d0b0, 0x000001e0ad912750,
0x000001e0ad90c240, 0x000001e0ad9118e0, 0x000001e0ad910f40
}

Java Threads: ( => current thread )
  0x000001e0904289d0 JavaThread "main" [_thread_blocked, id=2516, stack(0x0000007b08200000,0x0000007b08300000)]
  0x000001e0aa414260 JavaThread "Reference Handler" daemon [_thread_blocked, id=6780, stack(0x0000007b08900000,0x0000007b08a00000)]
  0x000001e0aa4150d0 JavaThread "Finalizer" daemon [_thread_blocked, id=8760, stack(0x0000007b08a00000,0x0000007b08b00000)]
  0x000001e0aa437420 JavaThread "Signal Dispatcher" daemon [_thread_blocked, id=4832, stack(0x0000007b08b00000,0x0000007b08c00000)]
  0x000001e0aa437dd0 JavaThread "Attach Listener" daemon [_thread_blocked, id=6464, stack(0x0000007b08c00000,0x0000007b08d00000)]
  0x000001e0aa438780 JavaThread "Service Thread" daemon [_thread_blocked, id=3500, stack(0x0000007b08d00000,0x0000007b08e00000)]
  0x000001e0aa439130 JavaThread "Monitor Deflation Thread" daemon [_thread_blocked, id=7024, stack(0x0000007b08e00000,0x0000007b08f00000)]
  0x000001e0aa43d3c0 JavaThread "C2 CompilerThread0" daemon [_thread_in_native, id=8360, stack(0x0000007b08f00000,0x0000007b09000000)]
  0x000001e0aa448690 JavaThread "C1 CompilerThread0" daemon [_thread_blocked, id=6620, stack(0x0000007b09000000,0x0000007b09100000)]
  0x000001e0aa453470 JavaThread "Sweeper thread" daemon [_thread_blocked, id=2724, stack(0x0000007b09100000,0x0000007b09200000)]
  0x000001e0aa5da350 JavaThread "Common-Cleaner" daemon [_thread_blocked, id=8660, stack(0x0000007b09200000,0x0000007b09300000)]
  0x000001e0aa5dd450 JavaThread "Notification Thread" daemon [_thread_blocked, id=2144, stack(0x0000007b09300000,0x0000007b09400000)]
  0x000001e0abc96040 JavaThread "Daemon health stats" [_thread_blocked, id=4700, stack(0x0000007b09800000,0x0000007b09900000)]
  0x000001e0ab90a380 JavaThread "Incoming local TCP Connector on port 49889" [_thread_in_native, id=2756, stack(0x0000007b09900000,0x0000007b09a00000)]
  0x000001e0ab5f3410 JavaThread "Daemon periodic checks" [_thread_blocked, id=3956, stack(0x0000007b09a00000,0x0000007b09b00000)]
  0x000001e0abbda960 JavaThread "Daemon" [_thread_blocked, id=8708, stack(0x0000007b09b00000,0x0000007b09c00000)]
  0x000001e0abbdb200 JavaThread "Handler for socket connection from /127.0.0.1:49889 to /127.0.0.1:49890" [_thread_in_native, id=9004, stack(0x0000007b09c00000,0x0000007b09d00000)]
  0x000001e0ab095f90 JavaThread "Cancel handler" [_thread_blocked, id=1048, stack(0x0000007b09d00000,0x0000007b09e00000)]
  0x000001e0abf14020 JavaThread "Daemon worker" [_thread_blocked, id=5712, stack(0x0000007b09e00000,0x0000007b09f00000)]
  0x000001e0abd41e40 JavaThread "Asynchronous log dispatcher for DefaultDaemonConnection: socket connection from /127.0.0.1:49889 to /127.0.0.1:49890" [_thread_blocked, id=5964, stack(0x0000007b09f00000,0x0000007b0a000000)]
  0x000001e0abd42310 JavaThread "Daemon client event forwarder" [_thread_in_native, id=6084, stack(0x0000007b0a100000,0x0000007b0a200000)]
  0x000001e0abd3f7c0 JavaThread "Cache worker for journal cache (C:\Users\RIZWAN\.gradle\caches\journal-1)" [_thread_blocked, id=6656, stack(0x0000007b0a200000,0x0000007b0a300000)]
  0x000001e0abd41970 JavaThread "File lock request listener" [_thread_in_native, id=6224, stack(0x0000007b0a300000,0x0000007b0a400000)]
  0x000001e0abd3fc90 JavaThread "Cache worker for file hash cache (C:\Users\RIZWAN\.gradle\caches\7.2\fileHashes)" [_thread_blocked, id=4064, stack(0x0000007b0a400000,0x0000007b0a500000)]
  0x000001e0abd40b00 JavaThread "Cache worker for file hash cache (D:\Ambulancce\AmbulanceTrackingModule-master\.gradle\7.2\fileHashes)" [_thread_blocked, id=5928, stack(0x0000007b0a500000,0x0000007b0a600000)]
  0x000001e0abd40160 JavaThread "File watcher server" daemon [_thread_in_native, id=6288, stack(0x0000007b0a600000,0x0000007b0a700000)]
  0x000001e0abd40fd0 JavaThread "File watcher consumer" daemon [_thread_blocked, id=1960, stack(0x0000007b0a700000,0x0000007b0a800000)]
  0x000001e0abd414a0 JavaThread "Cache worker for checksums cache (D:\Ambulancce\AmbulanceTrackingModule-master\.gradle\checksums)" [_thread_blocked, id=6520, stack(0x0000007b0a800000,0x0000007b0a900000)]
  0x000001e0abd3f2f0 JavaThread "Cache worker for cache directory md-supplier (C:\Users\RIZWAN\.gradle\caches\7.2\md-supplier)" [_thread_blocked, id=6484, stack(0x0000007b0a900000,0x0000007b0aa00000)]
  0x000001e0aaf7c8b0 JavaThread "Cache worker for cache directory md-rule (C:\Users\RIZWAN\.gradle\caches\7.2\md-rule)" [_thread_blocked, id=2124, stack(0x0000007b0aa00000,0x0000007b0ab00000)]
  0x000001e0aaf7cd80 JavaThread "Cache worker for execution history cache (C:\Users\RIZWAN\.gradle\caches\7.2\executionHistory)" [_thread_blocked, id=4308, stack(0x0000007b0ab00000,0x0000007b0ac00000)]
  0x000001e0aaf7d250 JavaThread "jar transforms" [_thread_blocked, id=7116, stack(0x0000007b0ac00000,0x0000007b0ad00000)]
  0x000001e0aaf81a80 JavaThread "jar transforms Thread 2" [_thread_blocked, id=6308, stack(0x0000007b0ad00000,0x0000007b0ae00000)]
  0x000001e0aaf7f8d0 JavaThread "Cache worker for file content cache (C:\Users\RIZWAN\.gradle\caches\7.2\fileContent)" [_thread_blocked, id=7496, stack(0x0000007b0af00000,0x0000007b0b000000)]
  0x000001e0aaf810e0 JavaThread "jar transforms Thread 3" [_thread_blocked, id=1652, stack(0x0000007b0b000000,0x0000007b0b100000)]
  0x000001e0aaf7b570 JavaThread "jar transforms Thread 4" [_thread_blocked, id=2688, stack(0x0000007b0b100000,0x0000007b0b200000)]
  0x000001e0aaf7dbf0 JavaThread "Cache worker for dependencies-accessors (D:\Ambulancce\AmbulanceTrackingModule-master\.gradle\7.2\dependencies-accessors)" [_thread_blocked, id=2940, stack(0x0000007b0b200000,0x0000007b0b300000)]
  0x000001e0aaf828f0 JavaThread "Cache worker for Build Output Cleanup Cache (D:\Ambulancce\AmbulanceTrackingModule-master\.gradle\buildOutputCleanup)" [_thread_blocked, id=8608, stack(0x0000007b0b300000,0x0000007b0b400000)]
  0x000001e0aaf815b0 JavaThread "Unconstrained build operations" [_thread_blocked, id=6568, stack(0x0000007b0b400000,0x0000007b0b500000)]
  0x000001e0aaf81f50 JavaThread "Unconstrained build operations Thread 2" [_thread_blocked, id=5944, stack(0x0000007b0b500000,0x0000007b0b600000)]
  0x000001e0aaf7e590 JavaThread "Unconstrained build operations Thread 3" [_thread_blocked, id=676, stack(0x0000007b0b600000,0x0000007b0b700000)]
  0x000001e0aaf7ef30 JavaThread "Unconstrained build operations Thread 4" [_thread_blocked, id=7668, stack(0x0000007b0b700000,0x0000007b0b800000)]
  0x000001e0aaf7ea60 JavaThread "Unconstrained build operations Thread 5" [_thread_blocked, id=2936, stack(0x0000007b0b800000,0x0000007b0b900000)]
  0x000001e0aaf7f400 JavaThread "Unconstrained build operations Thread 6" [_thread_blocked, id=2248, stack(0x0000007b0b900000,0x0000007b0ba00000)]
  0x000001e0aaf80270 JavaThread "Unconstrained build operations Thread 7" [_thread_blocked, id=6952, stack(0x0000007b0ba00000,0x0000007b0bb00000)]
  0x000001e0aaf80740 JavaThread "Unconstrained build operations Thread 8" [_thread_blocked, id=1928, stack(0x0000007b0bb00000,0x0000007b0bc00000)]
  0x000001e0aaf80c10 JavaThread "Unconstrained build operations Thread 9" [_thread_blocked, id=7264, stack(0x0000007b0bc00000,0x0000007b0bd00000)]
  0x000001e0aaf82420 JavaThread "Unconstrained build operations Thread 10" [_thread_blocked, id=7216, stack(0x0000007b0bd00000,0x0000007b0be00000)]
  0x000001e0ab0be8f0 JavaThread "Unconstrained build operations Thread 11" [_thread_blocked, id=3704, stack(0x0000007b0be00000,0x0000007b0bf00000)]
  0x000001e0ab0bc270 JavaThread "Unconstrained build operations Thread 12" [_thread_blocked, id=7864, stack(0x0000007b0bf00000,0x0000007b0c000000)]
  0x000001e0ab0b7f10 JavaThread "Unconstrained build operations Thread 13" [_thread_blocked, id=1328, stack(0x0000007b0c000000,0x0000007b0c100000)]
  0x000001e0ab0bc740 JavaThread "Unconstrained build operations Thread 14" [_thread_blocked, id=6632, stack(0x0000007b0c100000,0x0000007b0c200000)]
  0x000001e0ab0bcc10 JavaThread "Unconstrained build operations Thread 15" [_thread_blocked, id=876, stack(0x0000007b0c200000,0x0000007b0c300000)]
  0x000001e0ab0bb400 JavaThread "Unconstrained build operations Thread 16" [_thread_blocked, id=8860, stack(0x0000007b0c300000,0x0000007b0c400000)]
  0x000001e0ab0bda80 JavaThread "Unconstrained build operations Thread 17" [_thread_blocked, id=7840, stack(0x0000007b0c400000,0x0000007b0c500000)]
  0x000001e0ab0baf30 JavaThread "Unconstrained build operations Thread 18" [_thread_blocked, id=6128, stack(0x0000007b0c500000,0x0000007b0c600000)]
  0x000001e0ab0bd0e0 JavaThread "Unconstrained build operations Thread 19" [_thread_blocked, id=6664, stack(0x0000007b0c600000,0x0000007b0c700000)]
  0x000001e0ab0b9250 JavaThread "Unconstrained build operations Thread 20" [_thread_blocked, id=7716, stack(0x0000007b0c700000,0x0000007b0c800000)]
  0x000001e0ab0b83e0 JavaThread "Unconstrained build operations Thread 21" [_thread_blocked, id=4932, stack(0x0000007b0c800000,0x0000007b0c900000)]
  0x000001e0ab0bb8d0 JavaThread "Unconstrained build operations Thread 22" [_thread_blocked, id=2212, stack(0x0000007b0c900000,0x0000007b0ca00000)]
  0x000001e0ab0bd5b0 JavaThread "Unconstrained build operations Thread 23" [_thread_blocked, id=7892, stack(0x0000007b0ca00000,0x0000007b0cb00000)]
  0x000001e0ab0bf290 JavaThread "Unconstrained build operations Thread 24" [_thread_blocked, id=5396, stack(0x0000007b0cb00000,0x0000007b0cc00000)]
  0x000001e0ab0b88b0 JavaThread "Unconstrained build operations Thread 25" [_thread_blocked, id=4144, stack(0x0000007b0cc00000,0x0000007b0cd00000)]
  0x000001e0ab0bf760 JavaThread "Unconstrained build operations Thread 26" [_thread_blocked, id=2056, stack(0x0000007b0cd00000,0x0000007b0ce00000)]
  0x000001e0ab0bbda0 JavaThread "Unconstrained build operations Thread 27" [_thread_blocked, id=6024, stack(0x0000007b0ce00000,0x0000007b0cf00000)]
  0x000001e0ab0baa60 JavaThread "Unconstrained build operations Thread 28" [_thread_blocked, id=6000, stack(0x0000007b0cf00000,0x0000007b0d000000)]
  0x000001e0ab0bdf50 JavaThread "Unconstrained build operations Thread 29" [_thread_blocked, id=2252, stack(0x0000007b0d000000,0x0000007b0d100000)]
  0x000001e0ab0be420 JavaThread "Unconstrained build operations Thread 30" [_thread_blocked, id=8032, stack(0x0000007b0d100000,0x0000007b0d200000)]
  0x000001e0ab0b8d80 JavaThread "Unconstrained build operations Thread 31" [_thread_blocked, id=5592, stack(0x0000007b0d200000,0x0000007b0d300000)]
  0x000001e0ab0bedc0 JavaThread "Unconstrained build operations Thread 32" [_thread_blocked, id=6512, stack(0x0000007b0d300000,0x0000007b0d400000)]
  0x000001e0ab0b9720 JavaThread "Unconstrained build operations Thread 33" [_thread_blocked, id=3120, stack(0x0000007b0d400000,0x0000007b0d500000)]
  0x000001e0ab0b9bf0 JavaThread "Unconstrained build operations Thread 34" [_thread_blocked, id=5492, stack(0x0000007b0d500000,0x0000007b0d600000)]
  0x000001e0ab0ba0c0 JavaThread "Unconstrained build operations Thread 35" [_thread_blocked, id=2160, stack(0x0000007b0d600000,0x0000007b0d700000)]
  0x000001e0ab0ba590 JavaThread "Unconstrained build operations Thread 36" [_thread_blocked, id=4520, stack(0x0000007b0d700000,0x0000007b0d800000)]
  0x000001e0ad910a70 JavaThread "Unconstrained build operations Thread 37" [_thread_blocked, id=7752, stack(0x0000007b0d800000,0x0000007b0d900000)]
  0x000001e0ad90da50 JavaThread "Unconstrained build operations Thread 38" [_thread_blocked, id=8908, stack(0x0000007b0d900000,0x0000007b0da00000)]
  0x000001e0ad912c20 JavaThread "Unconstrained build operations Thread 39" [_thread_blocked, id=6516, stack(0x0000007b0da00000,0x0000007b0db00000)]
  0x000001e0ad90e8c0 JavaThread "Unconstrained build operations Thread 40" [_thread_blocked, id=8884, stack(0x0000007b0db00000,0x0000007b0dc00000)]
  0x000001e0ad90d580 JavaThread "Memory manager" [_thread_blocked, id=4704, stack(0x0000007b0de00000,0x0000007b0df00000)]
  0x000001e0ad9130f0 JavaThread "build event listener" [_thread_blocked, id=7968, stack(0x0000007b07f00000,0x0000007b08000000)]
  0x000001e0ad913a90 JavaThread "pool-3-thread-1" [_thread_blocked, id=6756, stack(0x0000007b08000000,0x0000007b08100000)]
  0x000001e0ad90e3f0 JavaThread "build event listener" [_thread_blocked, id=2588, stack(0x0000007b08100000,0x0000007b08200000)]
  0x000001e0ad90d0b0 JavaThread "Execution worker for ':'" [_thread_blocked, id=8132, stack(0x0000007b0df00000,0x0000007b0e000000)]
  0x000001e0ad912750 JavaThread "Execution worker for ':' Thread 2" [_thread_blocked, id=5196, stack(0x0000007b0e000000,0x0000007b0e100000)]
  0x000001e0ad90c240 JavaThread "Execution worker for ':' Thread 3" [_thread_in_native, id=6476, stack(0x0000007b0e100000,0x0000007b0e200000)]
  0x000001e0ad9118e0 JavaThread "Cache worker for execution history cache (D:\Ambulancce\AmbulanceTrackingModule-master\.gradle\7.2\executionHistory)" [_thread_blocked, id=6740, stack(0x0000007b0e200000,0x0000007b0e300000)]
  0x000001e0ad910f40 JavaThread "WorkerExecutor Queue" [_thread_blocked, id=7208, stack(0x0000007b0a000000,0x0000007b0a100000)]

Other Threads:
  0x000001e0a9a12810 VMThread "VM Thread" [stack: 0x0000007b08800000,0x0000007b08900000] [id=472]
  0x000001e0aa5ddb30 WatcherThread [stack: 0x0000007b09400000,0x0000007b09500000] [id=8184]
  0x000001e090484000 GCTaskThread "GC Thread#0" [stack: 0x0000007b08300000,0x0000007b08400000] [id=3508]
  0x000001e0aa7f9e80 GCTaskThread "GC Thread#1" [stack: 0x0000007b09500000,0x0000007b09600000] [id=2008]
  0x000001e0aa7fabf0 GCTaskThread "GC Thread#2" [stack: 0x0000007b09600000,0x0000007b09700000] [id=4288]
  0x000001e0aa7fb150 GCTaskThread "GC Thread#3" [stack: 0x0000007b09700000,0x0000007b09800000] [id=4252]
  0x000001e090495f50 ConcurrentGCThread "G1 Main Marker" [stack: 0x0000007b08400000,0x0000007b08500000] [id=6148]
=>0x000001e090496960 ConcurrentGCThread "G1 Conc#0" [stack: 0x0000007b08500000,0x0000007b08600000] [id=1940]
  0x000001e0a9865160 ConcurrentGCThread "G1 Refine#0" [stack: 0x0000007b08600000,0x0000007b08700000] [id=5420]
  0x000001e0ab33b5d0 ConcurrentGCThread "G1 Refine#1" [stack: 0x0000007b0ae00000,0x0000007b0af00000] [id=6072]
  0x000001e0a9865990 ConcurrentGCThread "G1 Service" [stack: 0x0000007b08700000,0x0000007b08800000] [id=8356]

Threads with active compile tasks:
C2 CompilerThread0    94236 12244       4       org.gradle.api.internal.artifacts.ivyservice.resolveengine.artifact.ParallelResolveArtifactSet$VisitingSet$StartVisitAction::visitArtifacts (31 bytes)

VM state: not at safepoint (normal execution)

VM Mutex/Monitor currently owned by a thread: None

Heap address: 0x0000000080000000, size: 2048 MB, Compressed Oops mode: 32-bit

CDS archive(s) not mapped
Compressed class space mapped at: 0x0000000100000000-0x0000000140000000, reserved size: 1073741824
Narrow klass base: 0x0000000000000000, Narrow klass shift: 3, Narrow klass range: 0x140000000

GC Precious Log:
 CPUs: 4 total, 4 available
 Memory: 4002M
 Large Page Support: Disabled
 NUMA Support: Disabled
 Compressed Oops: Enabled (32-bit)
 Heap Region Size: 1M
 Heap Min Capacity: 8M
 Heap Initial Capacity: 64M
 Heap Max Capacity: 2G
 Pre-touch: Disabled
 Parallel Workers: 4
 Concurrent Workers: 1
 Concurrent Refinement Workers: 4
 Periodic GC: Disabled

Heap:
 garbage-first heap   total 180224K, used 120909K [0x0000000080000000, 0x0000000100000000)
  region size 1024K, 29 young (29696K), 2 survivors (2048K)
 Metaspace       used 91984K, committed 92736K, reserved 1130496K
  class space    used 12245K, committed 12608K, reserved 1048576K

Heap Regions: E=young(eden), S=young(survivor), O=old, HS=humongous(starts), HC=humongous(continues), CS=collection set, F=free, OA=open archive, CA=closed archive, TAMS=top-at-mark-start (previous, next)
|   0|0x0000000080000000, 0x0000000080100000, 0x0000000080100000|100%|HS|  |TAMS 0x0000000080100000, 0x0000000080100000| Complete 
|   1|0x0000000080100000, 0x0000000080200000, 0x0000000080200000|100%|HC|  |TAMS 0x0000000080200000, 0x0000000080200000| Complete 
|   2|0x0000000080200000, 0x0000000080300000, 0x0000000080300000|100%|HC|  |TAMS 0x0000000080300000, 0x0000000080300000| Complete 
|   3|0x0000000080300000, 0x0000000080400000, 0x0000000080400000|100%| O|  |TAMS 0x0000000080400000, 0x0000000080400000| Untracked 
|   4|0x0000000080400000, 0x0000000080500000, 0x0000000080500000|100%| O|  |TAMS 0x0000000080500000, 0x0000000080500000| Untracked 
|   5|0x0000000080500000, 0x0000000080600000, 0x0000000080600000|100%| O|  |TAMS 0x0000000080600000, 0x0000000080600000| Untracked 
|   6|0x0000000080600000, 0x0000000080700000, 0x0000000080700000|100%| O|  |TAMS 0x0000000080700000, 0x0000000080700000| Untracked 
|   7|0x0000000080700000, 0x0000000080800000, 0x0000000080800000|100%| O|  |TAMS 0x0000000080800000, 0x0000000080800000| Untracked 
|   8|0x0000000080800000, 0x0000000080900000, 0x0000000080900000|100%| O|  |TAMS 0x0000000080900000, 0x0000000080900000| Untracked 
|   9|0x0000000080900000, 0x0000000080a00000, 0x0000000080a00000|100%| O|  |TAMS 0x0000000080a00000, 0x0000000080a00000| Untracked 
|  10|0x0000000080a00000, 0x0000000080b00000, 0x0000000080b00000|100%| O|  |TAMS 0x0000000080b00000, 0x0000000080b00000| Untracked 
|  11|0x0000000080b00000, 0x0000000080c00000, 0x0000000080c00000|100%| O|  |TAMS 0x0000000080c00000, 0x0000000080c00000| Untracked 
|  12|0x0000000080c00000, 0x0000000080d00000, 0x0000000080d00000|100%| O|  |TAMS 0x0000000080d00000, 0x0000000080d00000| Untracked 
|  13|0x0000000080d00000, 0x0000000080e00000, 0x0000000080e00000|100%| O|  |TAMS 0x0000000080e00000, 0x0000000080e00000| Untracked 
|  14|0x0000000080e00000, 0x0000000080f00000, 0x0000000080f00000|100%| O|  |TAMS 0x0000000080f00000, 0x0000000080f00000| Untracked 
|  15|0x0000000080f00000, 0x0000000081000000, 0x0000000081000000|100%| O|  |TAMS 0x0000000081000000, 0x0000000081000000| Untracked 
|  16|0x0000000081000000, 0x0000000081000000, 0x0000000081100000|  0%| F|  |TAMS 0x0000000081000000, 0x0000000081000000| Untracked 
|  17|0x0000000081100000, 0x0000000081200000, 0x0000000081200000|100%| O|  |TAMS 0x0000000081200000, 0x0000000081200000| Untracked 
|  18|0x0000000081200000, 0x0000000081300000, 0x0000000081300000|100%| O|  |TAMS 0x0000000081300000, 0x0000000081300000| Untracked 
|  19|0x0000000081300000, 0x0000000081400000, 0x0000000081400000|100%| O|  |TAMS 0x0000000081400000, 0x0000000081400000| Untracked 
|  20|0x0000000081400000, 0x0000000081500000, 0x0000000081500000|100%| O|  |TAMS 0x0000000081500000, 0x0000000081500000| Untracked 
|  21|0x0000000081500000, 0x0000000081600000, 0x0000000081600000|100%| O|  |TAMS 0x0000000081600000, 0x0000000081600000| Untracked 
|  22|0x0000000081600000, 0x0000000081700000, 0x0000000081700000|100%| O|  |TAMS 0x0000000081700000, 0x0000000081700000| Untracked 
|  23|0x0000000081700000, 0x0000000081800000, 0x0000000081800000|100%| O|  |TAMS 0x0000000081800000, 0x0000000081800000| Untracked 
|  24|0x0000000081800000, 0x0000000081900000, 0x0000000081900000|100%| O|  |TAMS 0x0000000081900000, 0x0000000081900000| Untracked 
|  25|0x0000000081900000, 0x0000000081a00000, 0x0000000081a00000|100%| O|  |TAMS 0x0000000081a00000, 0x0000000081a00000| Untracked 
|  26|0x0000000081a00000, 0x0000000081b00000, 0x0000000081b00000|100%| O|  |TAMS 0x0000000081b00000, 0x0000000081b00000| Untracked 
|  27|0x0000000081b00000, 0x0000000081c00000, 0x0000000081c00000|100%| O|  |TAMS 0x0000000081c00000, 0x0000000081c00000| Untracked 
|  28|0x0000000081c00000, 0x0000000081d00000, 0x0000000081d00000|100%| O|  |TAMS 0x0000000081d00000, 0x0000000081d00000| Untracked 
|  29|0x0000000081d00000, 0x0000000081e00000, 0x0000000081e00000|100%| O|  |TAMS 0x0000000081e00000, 0x0000000081e00000| Untracked 
|  30|0x0000000081e00000, 0x0000000081f00000, 0x0000000081f00000|100%| O|  |TAMS 0x0000000081f00000, 0x0000000081f00000| Untracked 
|  31|0x0000000081f00000, 0x0000000082000000, 0x0000000082000000|100%| O|  |TAMS 0x0000000082000000, 0x0000000082000000| Untracked 
|  32|0x0000000082000000, 0x0000000082100000, 0x0000000082100000|100%|HS|  |TAMS 0x0000000082100000, 0x0000000082100000| Complete 
|  33|0x0000000082100000, 0x0000000082200000, 0x0000000082200000|100%|HS|  |TAMS 0x0000000082200000, 0x0000000082200000| Complete 
|  34|0x0000000082200000, 0x0000000082300000, 0x0000000082300000|100%| O|  |TAMS 0x0000000082300000, 0x0000000082300000| Untracked 
|  35|0x0000000082300000, 0x0000000082400000, 0x0000000082400000|100%| O|  |TAMS 0x0000000082400000, 0x0000000082400000| Untracked 
|  36|0x0000000082400000, 0x0000000082500000, 0x0000000082500000|100%| O|  |TAMS 0x0000000082500000, 0x0000000082500000| Untracked 
|  37|0x0000000082500000, 0x0000000082600000, 0x0000000082600000|100%| O|  |TAMS 0x0000000082600000, 0x0000000082600000| Untracked 
|  38|0x0000000082600000, 0x0000000082700000, 0x0000000082700000|100%| O|  |TAMS 0x0000000082700000, 0x0000000082700000| Untracked 
|  39|0x0000000082700000, 0x0000000082800000, 0x0000000082800000|100%|HS|  |TAMS 0x0000000082800000, 0x0000000082800000| Complete 
|  40|0x0000000082800000, 0x0000000082900000, 0x0000000082900000|100%|HC|  |TAMS 0x0000000082900000, 0x0000000082900000| Complete 
|  41|0x0000000082900000, 0x0000000082a00000, 0x0000000082a00000|100%| O|  |TAMS 0x0000000082a00000, 0x0000000082a00000| Untracked 
|  42|0x0000000082a00000, 0x0000000082b00000, 0x0000000082b00000|100%| O|  |TAMS 0x0000000082b00000, 0x0000000082b00000| Untracked 
|  43|0x0000000082b00000, 0x0000000082c00000, 0x0000000082c00000|100%| O|  |TAMS 0x0000000082c00000, 0x0000000082c00000| Untracked 
|  44|0x0000000082c00000, 0x0000000082d00000, 0x0000000082d00000|100%| O|  |TAMS 0x0000000082d00000, 0x0000000082d00000| Untracked 
|  45|0x0000000082d00000, 0x0000000082e00000, 0x0000000082e00000|100%| O|  |TAMS 0x0000000082e00000, 0x0000000082e00000| Untracked 
|  46|0x0000000082e00000, 0x0000000082f00000, 0x0000000082f00000|100%| O|  |TAMS 0x0000000082f00000, 0x0000000082f00000| Untracked 
|  47|0x0000000082f00000, 0x0000000083000000, 0x0000000083000000|100%| O|  |TAMS 0x0000000083000000, 0x0000000083000000| Untracked 
|  48|0x0000000083000000, 0x0000000083100000, 0x0000000083100000|100%| O|  |TAMS 0x0000000083100000, 0x0000000083100000| Untracked 
|  49|0x0000000083100000, 0x0000000083200000, 0x0000000083200000|100%| O|  |TAMS 0x0000000083200000, 0x0000000083200000| Untracked 
|  50|0x0000000083200000, 0x0000000083300000, 0x0000000083300000|100%| O|  |TAMS 0x0000000083300000, 0x0000000083300000| Untracked 
|  51|0x0000000083300000, 0x0000000083400000, 0x0000000083400000|100%| O|  |TAMS 0x0000000083400000, 0x0000000083400000| Untracked 
|  52|0x0000000083400000, 0x0000000083500000, 0x0000000083500000|100%| O|  |TAMS 0x0000000083500000, 0x0000000083500000| Untracked 
|  53|0x0000000083500000, 0x0000000083600000, 0x0000000083600000|100%| O|  |TAMS 0x0000000083600000, 0x0000000083600000| Untracked 
|  54|0x0000000083600000, 0x0000000083700000, 0x0000000083700000|100%| O|  |TAMS 0x0000000083700000, 0x0000000083700000| Untracked 
|  55|0x0000000083700000, 0x0000000083800000, 0x0000000083800000|100%| O|  |TAMS 0x0000000083800000, 0x0000000083800000| Untracked 
|  56|0x0000000083800000, 0x0000000083900000, 0x0000000083900000|100%| O|  |TAMS 0x0000000083900000, 0x0000000083900000| Untracked 
|  57|0x0000000083900000, 0x0000000083a00000, 0x0000000083a00000|100%| O|  |TAMS 0x0000000083a00000, 0x0000000083a00000| Untracked 
|  58|0x0000000083a00000, 0x0000000083b00000, 0x0000000083b00000|100%| O|  |TAMS 0x0000000083b00000, 0x0000000083b00000| Untracked 
|  59|0x0000000083b00000, 0x0000000083c00000, 0x0000000083c00000|100%| O|  |TAMS 0x0000000083c00000, 0x0000000083c00000| Untracked 
|  60|0x0000000083c00000, 0x0000000083d00000, 0x0000000083d00000|100%| O|  |TAMS 0x0000000083d00000, 0x0000000083d00000| Untracked 
|  61|0x0000000083d00000, 0x0000000083e00000, 0x0000000083e00000|100%| O|  |TAMS 0x0000000083e00000, 0x0000000083e00000| Untracked 
|  62|0x0000000083e00000, 0x0000000083f00000, 0x0000000083f00000|100%| O|  |TAMS 0x0000000083f00000, 0x0000000083f00000| Untracked 
|  63|0x0000000083f00000, 0x0000000084000000, 0x0000000084000000|100%| O|  |TAMS 0x0000000084000000, 0x0000000084000000| Untracked 
|  64|0x0000000084000000, 0x0000000084100000, 0x0000000084100000|100%| O|  |TAMS 0x0000000084100000, 0x0000000084100000| Untracked 
|  65|0x0000000084100000, 0x0000000084200000, 0x0000000084200000|100%| O|  |TAMS 0x0000000084200000, 0x0000000084200000| Untracked 
|  66|0x0000000084200000, 0x0000000084300000, 0x0000000084300000|100%| O|  |TAMS 0x0000000084300000, 0x0000000084300000| Untracked 
|  67|0x0000000084300000, 0x0000000084400000, 0x0000000084400000|100%| O|  |TAMS 0x0000000084400000, 0x0000000084400000| Untracked 
|  68|0x0000000084400000, 0x0000000084500000, 0x0000000084500000|100%| O|  |TAMS 0x0000000084500000, 0x0000000084500000| Untracked 
|  69|0x0000000084500000, 0x0000000084600000, 0x0000000084600000|100%| O|  |TAMS 0x0000000084600000, 0x0000000084600000| Untracked 
|  70|0x0000000084600000, 0x0000000084700000, 0x0000000084700000|100%| O|  |TAMS 0x0000000084700000, 0x0000000084700000| Untracked 
|  71|0x0000000084700000, 0x0000000084800000, 0x0000000084800000|100%| O|  |TAMS 0x0000000084800000, 0x0000000084800000| Untracked 
|  72|0x0000000084800000, 0x0000000084900000, 0x0000000084900000|100%| O|  |TAMS 0x0000000084900000, 0x0000000084900000| Untracked 
|  73|0x0000000084900000, 0x0000000084a00000, 0x0000000084a00000|100%| O|  |TAMS 0x0000000084a00000, 0x0000000084a00000| Untracked 
|  74|0x0000000084a00000, 0x0000000084b00000, 0x0000000084b00000|100%| O|  |TAMS 0x0000000084b00000, 0x0000000084b00000| Untracked 
|  75|0x0000000084b00000, 0x0000000084c00000, 0x0000000084c00000|100%| O|  |TAMS 0x0000000084c00000, 0x0000000084c00000| Untracked 
|  76|0x0000000084c00000, 0x0000000084d00000, 0x0000000084d00000|100%| O|  |TAMS 0x0000000084d00000, 0x0000000084d00000| Untracked 
|  77|0x0000000084d00000, 0x0000000084e00000, 0x0000000084e00000|100%| O|  |TAMS 0x0000000084e00000, 0x0000000084e00000| Untracked 
|  78|0x0000000084e00000, 0x0000000084f00000, 0x0000000084f00000|100%| O|  |TAMS 0x0000000084f00000, 0x0000000084f00000| Untracked 
|  79|0x0000000084f00000, 0x0000000085000000, 0x0000000085000000|100%| O|  |TAMS 0x0000000085000000, 0x0000000085000000| Untracked 
|  80|0x0000000085000000, 0x0000000085100000, 0x0000000085100000|100%| O|  |TAMS 0x0000000085100000, 0x0000000085100000| Untracked 
|  81|0x0000000085100000, 0x0000000085200000, 0x0000000085200000|100%| O|  |TAMS 0x0000000085200000, 0x0000000085200000| Untracked 
|  82|0x0000000085200000, 0x0000000085300000, 0x0000000085300000|100%| O|  |TAMS 0x0000000085300000, 0x0000000085300000| Untracked 
|  83|0x0000000085300000, 0x0000000085400000, 0x0000000085400000|100%| O|  |TAMS 0x000000008533d800, 0x0000000085400000| Untracked 
|  84|0x0000000085400000, 0x0000000085500000, 0x0000000085500000|100%| O|  |TAMS 0x0000000085400000, 0x0000000085500000| Untracked 
|  85|0x0000000085500000, 0x0000000085600000, 0x0000000085600000|100%| O|  |TAMS 0x0000000085500000, 0x0000000085600000| Untracked 
|  86|0x0000000085600000, 0x0000000085700000, 0x0000000085700000|100%| O|  |TAMS 0x0000000085600000, 0x0000000085700000| Untracked 
|  87|0x0000000085700000, 0x0000000085800000, 0x0000000085800000|100%| O|  |TAMS 0x0000000085700000, 0x0000000085800000| Untracked 
|  88|0x0000000085800000, 0x0000000085900000, 0x0000000085900000|100%| O|  |TAMS 0x0000000085800000, 0x0000000085900000| Untracked 
|  89|0x0000000085900000, 0x0000000085a00000, 0x0000000085a00000|100%| O|  |TAMS 0x0000000085900000, 0x0000000085a00000| Untracked 
|  90|0x0000000085a00000, 0x0000000085b00000, 0x0000000085b00000|100%| O|  |TAMS 0x0000000085a00000, 0x0000000085b00000| Untracked 
|  91|0x0000000085b00000, 0x0000000085c00000, 0x0000000085c00000|100%| O|  |TAMS 0x0000000085b00000, 0x0000000085c00000| Untracked 
|  92|0x0000000085c00000, 0x0000000085cb2e00, 0x0000000085d00000| 69%| O|  |TAMS 0x0000000085c00000, 0x0000000085cb2e00| Untracked 
|  93|0x0000000085d00000, 0x0000000085d00000, 0x0000000085e00000|  0%| F|  |TAMS 0x0000000085d00000, 0x0000000085d00000| Untracked 
|  94|0x0000000085e00000, 0x0000000085e00000, 0x0000000085f00000|  0%| F|  |TAMS 0x0000000085e00000, 0x0000000085e00000| Untracked 
|  95|0x0000000085f00000, 0x0000000085f00000, 0x0000000086000000|  0%| F|  |TAMS 0x0000000085f00000, 0x0000000085f00000| Untracked 
|  96|0x0000000086000000, 0x0000000086000000, 0x0000000086100000|  0%| F|  |TAMS 0x0000000086000000, 0x0000000086000000| Untracked 
|  97|0x0000000086100000, 0x0000000086100000, 0x0000000086200000|  0%| F|  |TAMS 0x0000000086100000, 0x0000000086100000| Untracked 
|  98|0x0000000086200000, 0x0000000086200000, 0x0000000086300000|  0%| F|  |TAMS 0x0000000086200000, 0x0000000086200000| Untracked 
|  99|0x0000000086300000, 0x0000000086300000, 0x0000000086400000|  0%| F|  |TAMS 0x0000000086300000, 0x0000000086300000| Untracked 
| 100|0x0000000086400000, 0x0000000086400000, 0x0000000086500000|  0%| F|  |TAMS 0x0000000086400000, 0x0000000086400000| Untracked 
| 101|0x0000000086500000, 0x0000000086500000, 0x0000000086600000|  0%| F|  |TAMS 0x0000000086500000, 0x0000000086500000| Untracked 
| 102|0x0000000086600000, 0x0000000086600000, 0x0000000086700000|  0%| F|  |TAMS 0x0000000086600000, 0x0000000086600000| Untracked 
| 103|0x0000000086700000, 0x0000000086700000, 0x0000000086800000|  0%| F|  |TAMS 0x0000000086700000, 0x0000000086700000| Untracked 
| 104|0x0000000086800000, 0x0000000086800000, 0x0000000086900000|  0%| F|  |TAMS 0x0000000086800000, 0x0000000086800000| Untracked 
| 105|0x0000000086900000, 0x0000000086900000, 0x0000000086a00000|  0%| F|  |TAMS 0x0000000086900000, 0x0000000086900000| Untracked 
| 106|0x0000000086a00000, 0x0000000086a00000, 0x0000000086b00000|  0%| F|  |TAMS 0x0000000086a00000, 0x0000000086a00000| Untracked 
| 107|0x0000000086b00000, 0x0000000086b00000, 0x0000000086c00000|  0%| F|  |TAMS 0x0000000086b00000, 0x0000000086b00000| Untracked 
| 108|0x0000000086c00000, 0x0000000086c00000, 0x0000000086d00000|  0%| F|  |TAMS 0x0000000086c00000, 0x0000000086c00000| Untracked 
| 109|0x0000000086d00000, 0x0000000086d00000, 0x0000000086e00000|  0%| F|  |TAMS 0x0000000086d00000, 0x0000000086d00000| Untracked 
| 110|0x0000000086e00000, 0x0000000086e00000, 0x0000000086f00000|  0%| F|  |TAMS 0x0000000086e00000, 0x0000000086e00000| Untracked 
| 111|0x0000000086f00000, 0x0000000086f00000, 0x0000000087000000|  0%| F|  |TAMS 0x0000000086f00000, 0x0000000086f00000| Untracked 
| 112|0x0000000087000000, 0x0000000087000000, 0x0000000087100000|  0%| F|  |TAMS 0x0000000087000000, 0x0000000087000000| Untracked 
| 113|0x0000000087100000, 0x0000000087100000, 0x0000000087200000|  0%| F|  |TAMS 0x0000000087100000, 0x0000000087100000| Untracked 
| 114|0x0000000087200000, 0x0000000087200000, 0x0000000087300000|  0%| F|  |TAMS 0x0000000087200000, 0x0000000087200000| Untracked 
| 115|0x0000000087300000, 0x0000000087300000, 0x0000000087400000|  0%| F|  |TAMS 0x0000000087300000, 0x0000000087300000| Untracked 
| 116|0x0000000087400000, 0x0000000087400000, 0x0000000087500000|  0%| F|  |TAMS 0x0000000087400000, 0x0000000087400000| Untracked 
| 117|0x0000000087500000, 0x0000000087500000, 0x0000000087600000|  0%| F|  |TAMS 0x0000000087500000, 0x0000000087500000| Untracked 
| 118|0x0000000087600000, 0x0000000087600000, 0x0000000087700000|  0%| F|  |TAMS 0x0000000087600000, 0x0000000087600000| Untracked 
| 119|0x0000000087700000, 0x0000000087700000, 0x0000000087800000|  0%| F|  |TAMS 0x0000000087700000, 0x0000000087700000| Untracked 
| 120|0x0000000087800000, 0x0000000087860618, 0x0000000087900000| 37%| S|CS|TAMS 0x0000000087800000, 0x0000000087800000| Complete 
| 121|0x0000000087900000, 0x0000000087a00000, 0x0000000087a00000|100%| S|CS|TAMS 0x0000000087900000, 0x0000000087900000| Complete 
| 122|0x0000000087a00000, 0x0000000087a00000, 0x0000000087b00000|  0%| F|  |TAMS 0x0000000087a00000, 0x0000000087a00000| Untracked 
| 123|0x0000000087b00000, 0x0000000087b00000, 0x0000000087c00000|  0%| F|  |TAMS 0x0000000087b00000, 0x0000000087b00000| Untracked 
| 124|0x0000000087c00000, 0x0000000087c00000, 0x0000000087d00000|  0%| F|  |TAMS 0x0000000087c00000, 0x0000000087c00000| Untracked 
| 125|0x0000000087d00000, 0x0000000087d00000, 0x0000000087e00000|  0%| F|  |TAMS 0x0000000087d00000, 0x0000000087d00000| Untracked 
| 126|0x0000000087e00000, 0x0000000087e00000, 0x0000000087f00000|  0%| F|  |TAMS 0x0000000087e00000, 0x0000000087e00000| Untracked 
| 127|0x0000000087f00000, 0x0000000087f00000, 0x0000000088000000|  0%| F|  |TAMS 0x0000000087f00000, 0x0000000087f00000| Untracked 
| 128|0x0000000088000000, 0x0000000088000000, 0x0000000088100000|  0%| F|  |TAMS 0x0000000088000000, 0x0000000088000000| Untracked 
| 129|0x0000000088100000, 0x0000000088100000, 0x0000000088200000|  0%| F|  |TAMS 0x0000000088100000, 0x0000000088100000| Untracked 
| 130|0x0000000088200000, 0x0000000088200000, 0x0000000088300000|  0%| F|  |TAMS 0x0000000088200000, 0x0000000088200000| Untracked 
| 131|0x0000000088300000, 0x0000000088300000, 0x0000000088400000|  0%| F|  |TAMS 0x0000000088300000, 0x0000000088300000| Untracked 
| 132|0x0000000088400000, 0x0000000088400000, 0x0000000088500000|  0%| F|  |TAMS 0x0000000088400000, 0x0000000088400000| Untracked 
| 133|0x0000000088500000, 0x0000000088500000, 0x0000000088600000|  0%| F|  |TAMS 0x0000000088500000, 0x0000000088500000| Untracked 
| 134|0x0000000088600000, 0x0000000088600000, 0x0000000088700000|  0%| F|  |TAMS 0x0000000088600000, 0x0000000088600000| Untracked 
| 135|0x0000000088700000, 0x0000000088700000, 0x0000000088800000|  0%| F|  |TAMS 0x0000000088700000, 0x0000000088700000| Untracked 
| 136|0x0000000088800000, 0x0000000088800000, 0x0000000088900000|  0%| F|  |TAMS 0x0000000088800000, 0x0000000088800000| Untracked 
| 137|0x0000000088900000, 0x0000000088900000, 0x0000000088a00000|  0%| F|  |TAMS 0x0000000088900000, 0x0000000088900000| Untracked 
| 138|0x0000000088a00000, 0x0000000088a00000, 0x0000000088b00000|  0%| F|  |TAMS 0x0000000088a00000, 0x0000000088a00000| Untracked 
| 139|0x0000000088b00000, 0x0000000088b00000, 0x0000000088c00000|  0%| F|  |TAMS 0x0000000088b00000, 0x0000000088b00000| Untracked 
| 140|0x0000000088c00000, 0x0000000088c00000, 0x0000000088d00000|  0%| F|  |TAMS 0x0000000088c00000, 0x0000000088c00000| Untracked 
| 141|0x0000000088d00000, 0x0000000088d00000, 0x0000000088e00000|  0%| F|  |TAMS 0x0000000088d00000, 0x0000000088d00000| Untracked 
| 142|0x0000000088e00000, 0x0000000088e00000, 0x0000000088f00000|  0%| F|  |TAMS 0x0000000088e00000, 0x0000000088e00000| Untracked 
| 143|0x0000000088f00000, 0x0000000088f00000, 0x0000000089000000|  0%| F|  |TAMS 0x0000000088f00000, 0x0000000088f00000| Untracked 
| 144|0x0000000089000000, 0x0000000089000000, 0x0000000089100000|  0%| F|  |TAMS 0x0000000089000000, 0x0000000089000000| Untracked 
| 145|0x0000000089100000, 0x0000000089100000, 0x0000000089200000|  0%| F|  |TAMS 0x0000000089100000, 0x0000000089100000| Untracked 
| 146|0x0000000089200000, 0x0000000089200000, 0x0000000089300000|  0%| F|  |TAMS 0x0000000089200000, 0x0000000089200000| Untracked 
| 147|0x0000000089300000, 0x0000000089300000, 0x0000000089400000|  0%| F|  |TAMS 0x0000000089300000, 0x0000000089300000| Untracked 
| 148|0x0000000089400000, 0x0000000089400000, 0x0000000089500000|  0%| F|  |TAMS 0x0000000089400000, 0x0000000089400000| Untracked 
| 149|0x0000000089500000, 0x0000000089512270, 0x0000000089600000|  7%| E|  |TAMS 0x0000000089500000, 0x0000000089500000| Complete 
| 150|0x0000000089600000, 0x0000000089700000, 0x0000000089700000|100%| E|CS|TAMS 0x0000000089600000, 0x0000000089600000| Complete 
| 151|0x0000000089700000, 0x0000000089800000, 0x0000000089800000|100%| E|  |TAMS 0x0000000089700000, 0x0000000089700000| Complete 
| 152|0x0000000089800000, 0x0000000089900000, 0x0000000089900000|100%| E|CS|TAMS 0x0000000089800000, 0x0000000089800000| Complete 
| 153|0x0000000089900000, 0x0000000089a00000, 0x0000000089a00000|100%| E|CS|TAMS 0x0000000089900000, 0x0000000089900000| Complete 
| 154|0x0000000089a00000, 0x0000000089b00000, 0x0000000089b00000|100%| E|CS|TAMS 0x0000000089a00000, 0x0000000089a00000| Complete 
| 155|0x0000000089b00000, 0x0000000089c00000, 0x0000000089c00000|100%| E|CS|TAMS 0x0000000089b00000, 0x0000000089b00000| Complete 
| 156|0x0000000089c00000, 0x0000000089d00000, 0x0000000089d00000|100%| E|CS|TAMS 0x0000000089c00000, 0x0000000089c00000| Complete 
| 157|0x0000000089d00000, 0x0000000089e00000, 0x0000000089e00000|100%| E|CS|TAMS 0x0000000089d00000, 0x0000000089d00000| Complete 
| 158|0x0000000089e00000, 0x0000000089f00000, 0x0000000089f00000|100%| E|CS|TAMS 0x0000000089e00000, 0x0000000089e00000| Complete 
| 159|0x0000000089f00000, 0x000000008a000000, 0x000000008a000000|100%| E|CS|TAMS 0x0000000089f00000, 0x0000000089f00000| Complete 
| 160|0x000000008a000000, 0x000000008a100000, 0x000000008a100000|100%| E|CS|TAMS 0x000000008a000000, 0x000000008a000000| Complete 
| 161|0x000000008a100000, 0x000000008a200000, 0x000000008a200000|100%| E|CS|TAMS 0x000000008a100000, 0x000000008a100000| Complete 
| 162|0x000000008a200000, 0x000000008a300000, 0x000000008a300000|100%| E|CS|TAMS 0x000000008a200000, 0x000000008a200000| Complete 
| 163|0x000000008a300000, 0x000000008a400000, 0x000000008a400000|100%| E|CS|TAMS 0x000000008a300000, 0x000000008a300000| Complete 
| 164|0x000000008a400000, 0x000000008a500000, 0x000000008a500000|100%| E|CS|TAMS 0x000000008a400000, 0x000000008a400000| Complete 
| 165|0x000000008a500000, 0x000000008a600000, 0x000000008a600000|100%| E|CS|TAMS 0x000000008a500000, 0x000000008a500000| Complete 
| 166|0x000000008a600000, 0x000000008a700000, 0x000000008a700000|100%| E|CS|TAMS 0x000000008a600000, 0x000000008a600000| Complete 
| 167|0x000000008a700000, 0x000000008a800000, 0x000000008a800000|100%| E|CS|TAMS 0x000000008a700000, 0x000000008a700000| Complete 
| 168|0x000000008a800000, 0x000000008a900000, 0x000000008a900000|100%| E|CS|TAMS 0x000000008a800000, 0x000000008a800000| Complete 
| 169|0x000000008a900000, 0x000000008aa00000, 0x000000008aa00000|100%| E|CS|TAMS 0x000000008a900000, 0x000000008a900000| Complete 
| 170|0x000000008aa00000, 0x000000008ab00000, 0x000000008ab00000|100%| E|CS|TAMS 0x000000008aa00000, 0x000000008aa00000| Complete 
| 171|0x000000008ab00000, 0x000000008ac00000, 0x000000008ac00000|100%| E|CS|TAMS 0x000000008ab00000, 0x000000008ab00000| Complete 
| 172|0x000000008ac00000, 0x000000008ad00000, 0x000000008ad00000|100%| E|CS|TAMS 0x000000008ac00000, 0x000000008ac00000| Complete 
| 173|0x000000008ad00000, 0x000000008ae00000, 0x000000008ae00000|100%| E|CS|TAMS 0x000000008ad00000, 0x000000008ad00000| Complete 
| 174|0x000000008ae00000, 0x000000008af00000, 0x000000008af00000|100%| E|CS|TAMS 0x000000008ae00000, 0x000000008ae00000| Complete 
| 175|0x000000008af00000, 0x000000008b000000, 0x000000008b000000|100%| E|CS|TAMS 0x000000008af00000, 0x000000008af00000| Complete 

Card table byte_map: [0x000001e0a2cf0000,0x000001e0a30f0000] _byte_map_base: 0x000001e0a28f0000

Marking Bits (Prev, Next): (CMBitMap*) 0x000001e090485620, (CMBitMap*) 0x000001e090485660
 Prev Bits: [0x000001e0a34f0000, 0x000001e0a54f0000)
 Next Bits: [0x000001e0a54f0000, 0x000001e0a74f0000)

Polling page: 0x000001e08e3c0000

Metaspace:

Usage:
  Non-class:     77.87 MB used.
      Class:     11.96 MB used.
       Both:     89.83 MB used.

Virtual space:
  Non-class space:       80.00 MB reserved,      78.25 MB ( 98%) committed,  10 nodes.
      Class space:        1.00 GB reserved,      12.31 MB (  1%) committed,  1 nodes.
             Both:        1.08 GB reserved,      90.56 MB (  8%) committed. 

Chunk freelists:
   Non-Class:  1.59 MB
       Class:  3.73 MB
        Both:  5.33 MB

MaxMetaspaceSize: unlimited
CompressedClassSpaceSize: 1.00 GB
Initial GC threshold: 21.00 MB
Current GC threshold: 141.50 MB
CDS: off
MetaspaceReclaimPolicy: balanced
 - commit_granule_bytes: 65536.
 - commit_granule_words: 8192.
 - virtual_space_node_default_size: 1048576.
 - enlarge_chunks_in_place: 1.
 - new_chunks_are_fully_committed: 0.
 - uncommit_free_chunks: 1.
 - use_allocation_guard: 0.
 - handle_deallocations: 1.


Internal statistics:

num_allocs_failed_limit: 9.
num_arena_births: 854.
num_arena_deaths: 0.
num_vsnodes_births: 11.
num_vsnodes_deaths: 0.
num_space_committed: 1449.
num_space_uncommitted: 0.
num_chunks_returned_to_freelist: 9.
num_chunks_taken_from_freelist: 4217.
num_chunk_merges: 0.
num_chunk_splits: 2736.
num_chunks_enlarged: 1813.
num_purges: 0.
num_inconsistent_stats: 0.

CodeHeap 'non-profiled nmethods': size=120000Kb used=6055Kb max_used=6055Kb free=113944Kb
 bounds [0x000001e09b3c0000, 0x000001e09b9b0000, 0x000001e0a28f0000]
CodeHeap 'profiled nmethods': size=120000Kb used=20800Kb max_used=20800Kb free=99199Kb
 bounds [0x000001e0938f0000, 0x000001e094d50000, 0x000001e09ae20000]
CodeHeap 'non-nmethods': size=5760Kb used=2376Kb max_used=2409Kb free=3383Kb
 bounds [0x000001e09ae20000, 0x000001e09b090000, 0x000001e09b3c0000]
 total_blobs=11491 nmethods=10583 adapters=820
 compilation: enabled
              stopped_count=0, restarted_count=0
 full_count=0

Compilation events (20 events):
Event: 93.055 Thread 0x000001e0aa448690 12124       3       java.lang.reflect.Field::acquireFieldAccessor (59 bytes)
Event: 93.055 Thread 0x000001e0aa448690 nmethod 12124 0x000001e094d00890 code [0x000001e094d00a80, 0x000001e094d01098]
Event: 93.056 Thread 0x000001e0aa448690 12125       3       java.lang.reflect.Field::get (29 bytes)
Event: 93.056 Thread 0x000001e0aa448690 nmethod 12125 0x000001e094d01210 code [0x000001e094d013e0, 0x000001e094d01798]
Event: 93.056 Thread 0x000001e0aa448690 12121       1       kotlin.reflect.jvm.internal.impl.serialization.deserialization.descriptors.DeserializedClassDescriptor::getKind (5 bytes)
Event: 93.056 Thread 0x000001e0aa448690 nmethod 12121 0x000001e09b97ab10 code [0x000001e09b97aca0, 0x000001e09b97ad78]
Event: 93.058 Thread 0x000001e0aa448690 12126       3       kotlin.reflect.jvm.internal.impl.name.FqNameUnsafe$1::invoke (9 bytes)
Event: 93.059 Thread 0x000001e0aa448690 nmethod 12126 0x000001e094d01910 code [0x000001e094d01b40, 0x000001e094d02288]
Event: 93.059 Thread 0x000001e0aa448690 12127       3       kotlin.reflect.jvm.internal.impl.name.FqNameUnsafe$1::invoke (5 bytes)
Event: 93.060 Thread 0x000001e0aa448690 nmethod 12127 0x000001e094d02510 code [0x000001e094d02720, 0x000001e094d02d08]
Event: 93.060 Thread 0x000001e0aa448690 12128       3       java.util.ArrayList$SubList$1::hasNext (20 bytes)
Event: 93.060 Thread 0x000001e0aa448690 nmethod 12128 0x000001e094d02f10 code [0x000001e094d030a0, 0x000001e094d03218]
Event: 93.071 Thread 0x000001e0aa448690 12129       3       sun.nio.fs.WindowsPath::compareTo (118 bytes)
Event: 93.073 Thread 0x000001e0aa448690 nmethod 12129 0x000001e094d03310 code [0x000001e094d03640, 0x000001e094d04b08]
Event: 93.074 Thread 0x000001e0aa448690 12130       3       com.google.gson.internal.bind.TypeAdapters$33::create (30 bytes)
Event: 93.075 Thread 0x000001e0aa448690 nmethod 12130 0x000001e094d05490 code [0x000001e094d05640, 0x000001e094d05838]
Event: 93.082 Thread 0x000001e0aa448690 12131       3       org.gradle.api.internal.tasks.properties.FileParameterUtils::determineNormalizerForPathSensitivity (79 bytes)
Event: 93.083 Thread 0x000001e0aa448690 nmethod 12131 0x000001e094d05910 code [0x000001e094d05b80, 0x000001e094d064d8]
Event: 93.116 Thread 0x000001e0aa448690 12132       2       com.google.common.collect.ImmutableMap$Builder::build (135 bytes)
Event: 93.117 Thread 0x000001e0aa448690 nmethod 12132 0x000001e094d06810 code [0x000001e094d06a60, 0x000001e094d072d8]

GC Heap History (20 events):
Event: 55.241 GC heap before
{Heap before GC invocations=47 (full 0):
 garbage-first heap   total 126976K, used 85539K [0x0000000080000000, 0x0000000100000000)
  region size 1024K, 26 young (26624K), 4 survivors (4096K)
 Metaspace       used 74021K, committed 74624K, reserved 1114112K
  class space    used 9864K, committed 10112K, reserved 1048576K
}
Event: 55.364 GC heap after
{Heap after GC invocations=48 (full 0):
 garbage-first heap   total 126976K, used 64844K [0x0000000080000000, 0x0000000100000000)
  region size 1024K, 4 young (4096K), 4 survivors (4096K)
 Metaspace       used 74021K, committed 74624K, reserved 1114112K
  class space    used 9864K, committed 10112K, reserved 1048576K
}
Event: 57.699 GC heap before
{Heap before GC invocations=48 (full 0):
 garbage-first heap   total 126976K, used 102732K [0x0000000080000000, 0x0000000100000000)
  region size 1024K, 41 young (41984K), 4 survivors (4096K)
 Metaspace       used 79130K, committed 79744K, reserved 1122304K
  class space    used 10609K, committed 10880K, reserved 1048576K
}
Event: 57.717 GC heap after
{Heap after GC invocations=49 (full 0):
 garbage-first heap   total 126976K, used 67171K [0x0000000080000000, 0x0000000100000000)
  region size 1024K, 4 young (4096K), 4 survivors (4096K)
 Metaspace       used 79130K, committed 79744K, reserved 1122304K
  class space    used 10609K, committed 10880K, reserved 1048576K
}
Event: 59.387 GC heap before
{Heap before GC invocations=50 (full 0):
 garbage-first heap   total 126976K, used 104035K [0x0000000080000000, 0x0000000100000000)
  region size 1024K, 40 young (40960K), 4 survivors (4096K)
 Metaspace       used 80915K, committed 81664K, reserved 1122304K
  class space    used 10854K, committed 11200K, reserved 1048576K
}
Event: 59.410 GC heap after
{Heap after GC invocations=51 (full 0):
 garbage-first heap   total 126976K, used 71319K [0x0000000080000000, 0x0000000100000000)
  region size 1024K, 5 young (5120K), 5 survivors (5120K)
 Metaspace       used 80915K, committed 81664K, reserved 1122304K
  class space    used 10854K, committed 11200K, reserved 1048576K
}
Event: 60.287 GC heap before
{Heap before GC invocations=51 (full 0):
 garbage-first heap   total 126976K, used 103063K [0x0000000080000000, 0x0000000100000000)
  region size 1024K, 37 young (37888K), 5 survivors (5120K)
 Metaspace       used 81326K, committed 82048K, reserved 1122304K
  class space    used 10891K, committed 11264K, reserved 1048576K
}
Event: 60.335 GC heap after
{Heap after GC invocations=52 (full 0):
 garbage-first heap   total 180224K, used 77987K [0x0000000080000000, 0x0000000100000000)
  region size 1024K, 5 young (5120K), 5 survivors (5120K)
 Metaspace       used 81326K, committed 82048K, reserved 1122304K
  class space    used 10891K, committed 11264K, reserved 1048576K
}
Event: 71.897 GC heap before
{Heap before GC invocations=53 (full 0):
 garbage-first heap   total 180224K, used 137379K [0x0000000080000000, 0x0000000100000000)
  region size 1024K, 63 young (64512K), 5 survivors (5120K)
 Metaspace       used 85216K, committed 85888K, reserved 1130496K
  class space    used 11388K, committed 11712K, reserved 1048576K
}
Event: 71.926 GC heap after
{Heap after GC invocations=54 (full 0):
 garbage-first heap   total 180224K, used 85155K [0x0000000080000000, 0x0000000100000000)
  region size 1024K, 7 young (7168K), 7 survivors (7168K)
 Metaspace       used 85216K, committed 85888K, reserved 1130496K
  class space    used 11388K, committed 11712K, reserved 1048576K
}
Event: 80.092 GC heap before
{Heap before GC invocations=54 (full 0):
 garbage-first heap   total 180224K, used 139427K [0x0000000080000000, 0x0000000100000000)
  region size 1024K, 61 young (62464K), 7 survivors (7168K)
 Metaspace       used 85512K, committed 86208K, reserved 1130496K
  class space    used 11388K, committed 11712K, reserved 1048576K
}
Event: 80.113 GC heap after
{Heap after GC invocations=55 (full 0):
 garbage-first heap   total 180224K, used 88973K [0x0000000080000000, 0x0000000100000000)
  region size 1024K, 4 young (4096K), 4 survivors (4096K)
 Metaspace       used 85512K, committed 86208K, reserved 1130496K
  class space    used 11388K, committed 11712K, reserved 1048576K
}
Event: 82.055 GC heap before
{Heap before GC invocations=55 (full 0):
 garbage-first heap   total 180224K, used 111501K [0x0000000080000000, 0x0000000100000000)
  region size 1024K, 28 young (28672K), 4 survivors (4096K)
 Metaspace       used 86144K, committed 86848K, reserved 1130496K
  class space    used 11453K, committed 11776K, reserved 1048576K
}
Event: 82.066 GC heap after
{Heap after GC invocations=56 (full 0):
 garbage-first heap   total 180224K, used 90421K [0x0000000080000000, 0x0000000100000000)
  region size 1024K, 6 young (6144K), 6 survivors (6144K)
 Metaspace       used 86144K, committed 86848K, reserved 1130496K
  class space    used 11453K, committed 11776K, reserved 1048576K
}
Event: 84.362 GC heap before
{Heap before GC invocations=57 (full 0):
 garbage-first heap   total 180224K, used 145717K [0x0000000080000000, 0x0000000100000000)
  region size 1024K, 60 young (61440K), 6 survivors (6144K)
 Metaspace       used 86471K, committed 87168K, reserved 1130496K
  class space    used 11490K, committed 11840K, reserved 1048576K
}
Event: 84.380 GC heap after
{Heap after GC invocations=58 (full 0):
 garbage-first heap   total 180224K, used 94444K [0x0000000080000000, 0x0000000100000000)
  region size 1024K, 6 young (6144K), 6 survivors (6144K)
 Metaspace       used 86471K, committed 87168K, reserved 1130496K
  class space    used 11490K, committed 11840K, reserved 1048576K
}
Event: 84.526 GC heap before
{Heap before GC invocations=58 (full 0):
 garbage-first heap   total 180224K, used 96492K [0x0000000080000000, 0x0000000100000000)
  region size 1024K, 8 young (8192K), 6 survivors (6144K)
 Metaspace       used 86477K, committed 87232K, reserved 1130496K
  class space    used 11490K, committed 11840K, reserved 1048576K
}
Event: 84.569 GC heap after
{Heap after GC invocations=59 (full 0):
 garbage-first heap   total 180224K, used 94923K [0x0000000080000000, 0x0000000100000000)
  region size 1024K, 1 young (1024K), 1 survivors (1024K)
 Metaspace       used 86477K, committed 87232K, reserved 1130496K
  class space    used 11490K, committed 11840K, reserved 1048576K
}
Event: 92.640 GC heap before
{Heap before GC invocations=59 (full 0):
 garbage-first heap   total 180224K, used 149195K [0x0000000080000000, 0x0000000100000000)
  region size 1024K, 54 young (55296K), 1 survivors (1024K)
 Metaspace       used 91338K, committed 92096K, reserved 1130496K
  class space    used 12150K, committed 12480K, reserved 1048576K
}
Event: 92.647 GC heap after
{Heap after GC invocations=60 (full 0):
 garbage-first heap   total 180224K, used 95309K [0x0000000080000000, 0x0000000100000000)
  region size 1024K, 2 young (2048K), 2 survivors (2048K)
 Metaspace       used 91338K, committed 92096K, reserved 1130496K
  class space    used 12150K, committed 12480K, reserved 1048576K
}

Dll operation events (2 events):
Event: 0.557 Loaded shared library C:\Program Files\Android\Android Studio\jbr\bin\java.dll
Event: 1.597 Loaded shared library C:\Program Files\Android\Android Studio\jbr\bin\verify.dll

Deoptimization events (20 events):
Event: 90.444 Thread 0x000001e0abf14020 Uncommon trap: trap_request=0xffffff45 fr.pc=0x000001e09b583168 relative=0x0000000000000068
Event: 90.444 Thread 0x000001e0abf14020 Uncommon trap: reason=unstable_if action=reinterpret pc=0x000001e09b583168 method=com.google.common.collect.ImmutableMap$Builder.build()Lcom/google/common/collect/ImmutableMap; @ 61 c2
Event: 90.444 Thread 0x000001e0abf14020 DEOPT PACKING pc=0x000001e09b583168 sp=0x0000007b09ef66e0
Event: 90.444 Thread 0x000001e0abf14020 DEOPT UNPACKING pc=0x000001e09ae769a3 sp=0x0000007b09ef6680 mode 2
Event: 90.551 Thread 0x000001e0ad9118e0 Uncommon trap: trap_request=0xffffff45 fr.pc=0x000001e09b8f5fdc relative=0x000000000000061c
Event: 90.551 Thread 0x000001e0ad9118e0 Uncommon trap: reason=unstable_if action=reinterpret pc=0x000001e09b8f5fdc method=com.esotericsoftware.kryo.io.Output.writeString(Ljava/lang/CharSequence;)V @ 50 c2
Event: 90.551 Thread 0x000001e0ad9118e0 DEOPT PACKING pc=0x000001e09b8f5fdc sp=0x0000007b0e2fe450
Event: 90.551 Thread 0x000001e0ad9118e0 DEOPT UNPACKING pc=0x000001e09ae769a3 sp=0x0000007b0e2fe378 mode 2
Event: 90.551 Thread 0x000001e0ad9118e0 Uncommon trap: trap_request=0xffffff45 fr.pc=0x000001e09b63af80 relative=0x0000000000000240
Event: 90.551 Thread 0x000001e0ad9118e0 Uncommon trap: reason=unstable_if action=reinterpret pc=0x000001e09b63af80 method=com.esotericsoftware.kryo.io.Output.writeString(Ljava/lang/CharSequence;)V @ 50 c2
Event: 90.551 Thread 0x000001e0ad9118e0 DEOPT PACKING pc=0x000001e09b63af80 sp=0x0000007b0e2fe3e0
Event: 90.551 Thread 0x000001e0ad9118e0 DEOPT UNPACKING pc=0x000001e09ae769a3 sp=0x0000007b0e2fe370 mode 2
Event: 90.560 Thread 0x000001e0abf14020 Uncommon trap: trap_request=0xffffff45 fr.pc=0x000001e09b8db55c relative=0x00000000000001bc
Event: 90.560 Thread 0x000001e0abf14020 Uncommon trap: reason=unstable_if action=reinterpret pc=0x000001e09b8db55c method=org.gradle.internal.hash.HashCode.equals(Ljava/lang/Object;)Z @ 66 c2
Event: 90.560 Thread 0x000001e0abf14020 DEOPT PACKING pc=0x000001e09b8db55c sp=0x0000007b09ef8df0
Event: 90.560 Thread 0x000001e0abf14020 DEOPT UNPACKING pc=0x000001e09ae769a3 sp=0x0000007b09ef8d68 mode 2
Event: 93.030 Thread 0x000001e0abf14020 Uncommon trap: trap_request=0xffffffcc fr.pc=0x000001e09b970d60 relative=0x0000000000002480
Event: 93.030 Thread 0x000001e0abf14020 Uncommon trap: reason=intrinsic_or_type_checked_inlining action=make_not_entrant pc=0x000001e09b970d60 method=java.util.ArrayList$SubList.toArray([Ljava/lang/Object;)[Ljava/lang/Object; @ 58 c2
Event: 93.030 Thread 0x000001e0abf14020 DEOPT PACKING pc=0x000001e09b970d60 sp=0x0000007b09ef5400
Event: 93.030 Thread 0x000001e0abf14020 DEOPT UNPACKING pc=0x000001e09ae769a3 sp=0x0000007b09ef5388 mode 2

Classes unloaded (0 events):
No events

Classes redefined (0 events):
No events

Internal exceptions (20 events):
Event: 61.630 Thread 0x000001e0ad9130f0 Exception <a 'java/lang/NoSuchMethodError'{0x000000008a2acf90}: static [Ljava/lang/String;.<clinit>()V> (0x000000008a2acf90) 
thrown [s\src\hotspot\share\prims\jni.cpp, line 1108]
Event: 61.937 Thread 0x000001e0abf14020 Exception <a 'java/lang/IncompatibleClassChangeError'{0x000000008a19a6e8}: Found class java.lang.Object, but interface was expected> (0x000000008a19a6e8) 
thrown [s\src\hotspot\share\interpreter\linkResolver.cpp, line 838]
Event: 62.024 Thread 0x000001e0abd42310 Exception <a 'java/lang/NoSuchMethodError'{0x0000000089f09228}: static Lorg/gradle/internal/build/event/types/DefaultTaskSkippedResult;.<clinit>()V> (0x0000000089f09228) 
thrown [s\src\hotspot\share\prims\jni.cpp, line 1108]
Event: 62.196 Thread 0x000001e0abf14020 Exception <a 'java/lang/IncompatibleClassChangeError'{0x000000008a0d34f0}: Found class java.lang.Object, but interface was expected> (0x000000008a0d34f0) 
thrown [s\src\hotspot\share\interpreter\linkResolver.cpp, line 838]
Event: 62.370 Thread 0x000001e0abf14020 Exception <a 'java/lang/IncompatibleClassChangeError'{0x000000008a0ee820}: Found class java.lang.Object, but interface was expected> (0x000000008a0ee820) 
thrown [s\src\hotspot\share\interpreter\linkResolver.cpp, line 838]
Event: 67.855 Thread 0x000001e0abf14020 Exception <a 'java/lang/NoSuchMethodError'{0x0000000088ab5798}: 'void java.lang.invoke.DirectMethodHandle$Holder.invokeStatic(java.lang.Object, java.lang.Object, java.lang.Object, java.lang.Object, int, java.lang.Object, java.lang.Object)'> (0x0000000088ab5798) 
thrown [s\src\hotspot\share\interpreter\linkResolver.cpp, line 771]
Event: 68.027 Thread 0x000001e0aaf80270 Exception <a 'java/lang/NoSuchMethodError'{0x00000000886eacd0}: 'java.lang.Object java.lang.invoke.DirectMethodHandle$Holder.invokeSpecialIFC(java.lang.Object, java.lang.Object, java.lang.Object)'> (0x00000000886eacd0) 
thrown [s\src\hotspot\share\interpreter\linkResolver.cpp, line 771]
Event: 68.642 Thread 0x000001e0aaf80740 Exception <a 'java/lang/NoSuchMethodError'{0x00000000884a4918}: 'int java.lang.invoke.DirectMethodHandle$Holder.invokeStaticInit(java.lang.Object, java.lang.Object, java.lang.Object, java.lang.Object, java.lang.Object)'> (0x00000000884a4918) 
thrown [s\src\hotspot\share\interpreter\linkResolver.cpp, line 771]
Event: 69.323 Thread 0x000001e0aaf80270 Exception <a 'java/lang/NoSuchMethodError'{0x0000000088278598}: 'void java.lang.invoke.DirectMethodHandle$Holder.invokeVirtual(java.lang.Object, java.lang.Object)'> (0x0000000088278598) 
thrown [s\src\hotspot\share\interpreter\linkResolver.cpp, line 771]
Event: 79.528 Thread 0x000001e0ab0ba0c0 Implicit null exception at 0x000001e09b921573 to 0x000001e09b921cf8
Event: 80.003 Thread 0x000001e0ab0b9720 Implicit null exception at 0x000001e09b928532 to 0x000001e09b928838
Event: 80.003 Thread 0x000001e0aaf80c10 Implicit null exception at 0x000001e09b928532 to 0x000001e09b928838
Event: 80.003 Thread 0x000001e0ab0be8f0 Implicit null exception at 0x000001e09b928532 to 0x000001e09b928838
Event: 81.784 Thread 0x000001e0abf14020 Exception <a 'java/lang/ClassNotFoundException'{0x000000008a4f6b68}: com/google/firebase/crashlytics/buildtools/android/project/XmlBuildIdReaderBeanInfo> (0x000000008a4f6b68) 
thrown [s\src\hotspot\share\classfile\systemDictionary.cpp, line 256]
Event: 81.786 Thread 0x000001e0abf14020 Exception <a 'java/lang/ClassNotFoundException'{0x00000000899a4618}: com/google/firebase/crashlytics/buildtools/android/project/XmlBuildIdReaderCustomizer> (0x00000000899a4618) 
thrown [s\src\hotspot\share\classfile\systemDictionary.cpp, line 256]
Event: 81.859 Thread 0x000001e0abf14020 Exception <a 'java/lang/ClassNotFoundException'{0x00000000899cf0a0}: com/google/firebase/crashlytics/buildtools/android/project/XmlBuildIdReader$FileXmlBuildIdReaderBeanInfo> (0x00000000899cf0a0) 
thrown [s\src\hotspot\share\classfile\systemDictionary.cpp, line 256]
Event: 81.860 Thread 0x000001e0abf14020 Exception <a 'java/lang/ClassNotFoundException'{0x00000000899dad30}: com/google/firebase/crashlytics/buildtools/android/project/XmlBuildIdReader$FileXmlBuildIdReaderCustomizer> (0x00000000899dad30) 
thrown [s\src\hotspot\share\classfile\systemDictionary.cpp, line 256]
Event: 90.032 Thread 0x000001e0abf14020 Implicit null exception at 0x000001e09b4001f2 to 0x000001e09b400870
Event: 90.513 Thread 0x000001e0abf14020 Exception <a 'java/lang/NoSuchMethodError'{0x000000008927cd40}: 'void java.lang.invoke.DirectMethodHandle$Holder.invokeStatic(java.lang.Object, java.lang.Object, java.lang.Object, java.lang.Object, java.lang.Object, java.lang.Object, java.lang.Object)'> (0x000000008927cd40) 
thrown [s\src\hotspot\share\interpreter\linkResolver.cpp, line 771]
Event: 90.576 Thread 0x000001e0abd42310 Exception <a 'java/lang/NoSuchMethodError'{0x0000000089004348}: static [Ljava/lang/Object;.<clinit>()V> (0x0000000089004348) 
thrown [s\src\hotspot\share\prims\jni.cpp, line 1108]

VM Operations (20 events):
Event: 87.602 Executing VM operation: Cleanup
Event: 87.602 Executing VM operation: Cleanup done
Event: 88.609 Executing VM operation: Cleanup
Event: 88.609 Executing VM operation: Cleanup done
Event: 89.625 Executing VM operation: Cleanup
Event: 89.625 Executing VM operation: Cleanup done
Event: 90.280 Executing VM operation: HandshakeAllThreads
Event: 90.280 Executing VM operation: HandshakeAllThreads done
Event: 90.548 Executing VM operation: HandshakeAllThreads
Event: 90.548 Executing VM operation: HandshakeAllThreads done
Event: 90.549 Executing VM operation: HandshakeAllThreads
Event: 90.549 Executing VM operation: HandshakeAllThreads done
Event: 90.551 Executing VM operation: HandshakeAllThreads
Event: 90.551 Executing VM operation: HandshakeAllThreads done
Event: 91.543 Executing VM operation: Cleanup
Event: 91.543 Executing VM operation: Cleanup done
Event: 92.559 Executing VM operation: Cleanup
Event: 92.559 Executing VM operation: Cleanup done
Event: 92.640 Executing VM operation: G1CollectForAllocation
Event: 92.647 Executing VM operation: G1CollectForAllocation done

Events (20 events):
Event: 90.030 loading class org/w3c/dom/ls/DOMImplementationLS
Event: 90.030 loading class org/w3c/dom/ls/DOMImplementationLS done
Event: 90.030 loading class org/w3c/dom/ls/LSOutput
Event: 90.030 loading class org/w3c/dom/ls/LSOutput done
Event: 90.030 loading class org/w3c/dom/ls/LSInput
Event: 90.030 loading class org/w3c/dom/ls/LSInput done
Event: 90.031 loading class org/w3c/dom/ls/LSParser
Event: 90.031 loading class org/w3c/dom/ls/LSParser done
Event: 90.031 loading class org/w3c/dom/ls/LSSerializer
Event: 90.031 loading class org/w3c/dom/ls/LSSerializer done
Event: 90.292 loading class java/util/TreeMap$DescendingSubMap$DescendingEntrySetView
Event: 90.292 loading class java/util/TreeMap$NavigableSubMap$EntrySetView
Event: 90.293 loading class java/util/TreeMap$NavigableSubMap$EntrySetView done
Event: 90.293 loading class java/util/TreeMap$DescendingSubMap$DescendingEntrySetView done
Event: 90.293 loading class java/util/TreeMap$NavigableSubMap$DescendingSubMapEntryIterator
Event: 90.293 loading class java/util/TreeMap$NavigableSubMap$DescendingSubMapEntryIterator done
Event: 90.880 loading class jdk/internal/reflect/UnsafeQualifiedIntegerFieldAccessorImpl
Event: 90.880 loading class jdk/internal/reflect/UnsafeQualifiedIntegerFieldAccessorImpl done
Event: 92.546 loading class java/util/ArrayList$SubList$1
Event: 92.547 loading class java/util/ArrayList$SubList$1 done


Dynamic libraries:
0x00007ff797e00000 - 0x00007ff797e0a000 	C:\Program Files\Android\Android Studio\jbr\bin\java.exe
0x00007fff8f490000 - 0x00007fff8f688000 	C:\WINDOWS\SYSTEM32\ntdll.dll
0x00007fff8ea20000 - 0x00007fff8eadd000 	C:\WINDOWS\System32\KERNEL32.DLL
0x00007fff8cc10000 - 0x00007fff8cf06000 	C:\WINDOWS\System32\KERNELBASE.dll
0x00007fff89590000 - 0x00007fff89620000 	C:\WINDOWS\SYSTEM32\apphelp.dll
0x00007fff8d130000 - 0x00007fff8d230000 	C:\WINDOWS\System32\ucrtbase.dll
0x00007fff85100000 - 0x00007fff85117000 	C:\Program Files\Android\Android Studio\jbr\bin\jli.dll
0x00007fff8f2b0000 - 0x00007fff8f44e000 	C:\WINDOWS\System32\USER32.dll
0x00007fff8d230000 - 0x00007fff8d252000 	C:\WINDOWS\System32\win32u.dll
0x00007fff8e8b0000 - 0x00007fff8e8dc000 	C:\WINDOWS\System32\GDI32.dll
0x00007fff8d380000 - 0x00007fff8d49a000 	C:\WINDOWS\System32\gdi32full.dll
0x00007fff8cb70000 - 0x00007fff8cc0d000 	C:\WINDOWS\System32\msvcp_win.dll
0x00007fff802e0000 - 0x00007fff802fb000 	C:\Program Files\Android\Android Studio\jbr\bin\VCRUNTIME140.dll
0x00007fff8bd00000 - 0x00007fff8bf9a000 	C:\WINDOWS\WinSxS\amd64_microsoft.windows.common-controls_6595b64144ccf1df_6.0.19041.3636_none_60b6a03d71f818d5\COMCTL32.dll
0x00007fff8e310000 - 0x00007fff8e3ae000 	C:\WINDOWS\System32\msvcrt.dll
0x00007fff8df10000 - 0x00007fff8df40000 	C:\WINDOWS\System32\IMM32.DLL
0x00007fff856c0000 - 0x00007fff856cc000 	C:\Program Files\Android\Android Studio\jbr\bin\vcruntime140_1.dll
0x00007fff6bfb0000 - 0x00007fff6c03d000 	C:\Program Files\Android\Android Studio\jbr\bin\msvcp140.dll
0x00007fff4e560000 - 0x00007fff4f1ce000 	C:\Program Files\Android\Android Studio\jbr\bin\server\jvm.dll
0x00007fff8e6d0000 - 0x00007fff8e77f000 	C:\WINDOWS\System32\ADVAPI32.dll
0x00007fff8e630000 - 0x00007fff8e6cc000 	C:\WINDOWS\System32\sechost.dll
0x00007fff8e780000 - 0x00007fff8e8a6000 	C:\WINDOWS\System32\RPCRT4.dll
0x00007fff795b0000 - 0x00007fff795d7000 	C:\WINDOWS\SYSTEM32\WINMM.dll
0x00007fff819c0000 - 0x00007fff819ca000 	C:\WINDOWS\SYSTEM32\VERSION.dll
0x00007fff85590000 - 0x00007fff85599000 	C:\WINDOWS\SYSTEM32\WSOCK32.dll
0x00007fff8df40000 - 0x00007fff8dfab000 	C:\WINDOWS\System32\WS2_32.dll
0x00007fff89c30000 - 0x00007fff89c42000 	C:\WINDOWS\SYSTEM32\kernel.appcore.dll
0x00007fff89650000 - 0x00007fff8965a000 	C:\Program Files\Android\Android Studio\jbr\bin\jimage.dll
0x00007fff8c6d0000 - 0x00007fff8c8b4000 	C:\WINDOWS\SYSTEM32\DBGHELP.DLL
0x00007fff8c210000 - 0x00007fff8c244000 	C:\WINDOWS\SYSTEM32\dbgcore.DLL
0x00007fff8d0a0000 - 0x00007fff8d122000 	C:\WINDOWS\System32\bcryptPrimitives.dll
0x00007fff85010000 - 0x00007fff85035000 	C:\Program Files\Android\Android Studio\jbr\bin\java.dll
0x00007fff80240000 - 0x00007fff80258000 	C:\Program Files\Android\Android Studio\jbr\bin\zip.dll
0x00007fff8d6a0000 - 0x00007fff8dde4000 	C:\WINDOWS\System32\SHELL32.dll
0x00007fff89f30000 - 0x00007fff8a6cb000 	C:\WINDOWS\SYSTEM32\windows.storage.dll
0x00007fff8dfb0000 - 0x00007fff8e304000 	C:\WINDOWS\System32\combase.dll
0x00007fff8c170000 - 0x00007fff8c19d000 	C:\WINDOWS\SYSTEM32\Wldp.dll
0x00007fff8e430000 - 0x00007fff8e4dd000 	C:\WINDOWS\System32\SHCORE.dll
0x00007fff8ec90000 - 0x00007fff8ece5000 	C:\WINDOWS\System32\shlwapi.dll
0x00007fff8caa0000 - 0x00007fff8cac5000 	C:\WINDOWS\SYSTEM32\profapi.dll
0x00007fff89660000 - 0x00007fff89679000 	C:\Program Files\Android\Android Studio\jbr\bin\net.dll
0x00007fff819f0000 - 0x00007fff81afa000 	C:\WINDOWS\SYSTEM32\WINHTTP.dll
0x00007fff8bc30000 - 0x00007fff8bc9a000 	C:\WINDOWS\system32\mswsock.dll
0x00007fff856d0000 - 0x00007fff856e6000 	C:\Program Files\Android\Android Studio\jbr\bin\nio.dll
0x00007fff89640000 - 0x00007fff89650000 	C:\Program Files\Android\Android Studio\jbr\bin\verify.dll
0x00007fff84e80000 - 0x00007fff84ea7000 	C:\Users\RIZWAN\.gradle\native\e1d6ef7f7dcc3fd88c89a11ec53ec762bb8ba0a96d01ffa2cd45eb1d1d8dd5c5\windows-amd64\native-platform.dll
0x00007fff6be60000 - 0x00007fff6bfa4000 	C:\Users\RIZWAN\.gradle\native\5664cfc778a61ccfe75a443a1ab52a65af34e5dc3c78e0209fed803814484fcb\windows-amd64\native-platform-file-events.dll
0x00007fff89620000 - 0x00007fff89629000 	C:\Program Files\Android\Android Studio\jbr\bin\management.dll
0x00007fff879e0000 - 0x00007fff879eb000 	C:\Program Files\Android\Android Studio\jbr\bin\management_ext.dll
0x00007fff8d630000 - 0x00007fff8d638000 	C:\WINDOWS\System32\PSAPI.DLL
0x00007fff8c660000 - 0x00007fff8c678000 	C:\WINDOWS\SYSTEM32\CRYPTSP.dll
0x00007fff8b5a0000 - 0x00007fff8b5d4000 	C:\WINDOWS\system32\rsaenh.dll
0x00007fff8d070000 - 0x00007fff8d097000 	C:\WINDOWS\System32\bcrypt.dll
0x00007fff8ca20000 - 0x00007fff8ca4e000 	C:\WINDOWS\SYSTEM32\USERENV.dll
0x00007fff8c0c0000 - 0x00007fff8c0cc000 	C:\WINDOWS\SYSTEM32\CRYPTBASE.dll
0x00007fff8b920000 - 0x00007fff8b95b000 	C:\WINDOWS\SYSTEM32\IPHLPAPI.DLL
0x00007fff8e4e0000 - 0x00007fff8e4e8000 	C:\WINDOWS\System32\NSI.dll
0x00007fff81cd0000 - 0x00007fff81ce7000 	C:\WINDOWS\SYSTEM32\dhcpcsvc6.DLL
0x00007fff81e90000 - 0x00007fff81ead000 	C:\WINDOWS\SYSTEM32\dhcpcsvc.DLL
0x00007fff8b9b0000 - 0x00007fff8ba7a000 	C:\WINDOWS\SYSTEM32\DNSAPI.dll
0x00007fff778a0000 - 0x00007fff778a7000 	C:\WINDOWS\system32\wshunix.dll

dbghelp: loaded successfully - version: 4.0.5 - missing functions: none
symbol engine: initialized successfully - sym options: 0x614 - pdb path: .;C:\Program Files\Android\Android Studio\jbr\bin;C:\WINDOWS\SYSTEM32;C:\WINDOWS\WinSxS\amd64_microsoft.windows.common-controls_6595b64144ccf1df_6.0.19041.3636_none_60b6a03d71f818d5;C:\Program Files\Android\Android Studio\jbr\bin\server;C:\Users\RIZWAN\.gradle\native\e1d6ef7f7dcc3fd88c89a11ec53ec762bb8ba0a96d01ffa2cd45eb1d1d8dd5c5\windows-amd64;C:\Users\RIZWAN\.gradle\native\5664cfc778a61ccfe75a443a1ab52a65af34e5dc3c78e0209fed803814484fcb\windows-amd64

VM Arguments:
jvm_args: --add-opens=java.base/java.util=ALL-UNNAMED --add-opens=java.base/java.lang=ALL-UNNAMED --add-opens=java.base/java.lang.invoke=ALL-UNNAMED --add-opens=java.base/java.util=ALL-UNNAMED --add-opens=java.prefs/java.util.prefs=ALL-UNNAMED --add-opens=java.prefs/java.util.prefs=ALL-UNNAMED --add-opens=java.base/java.nio.charset=ALL-UNNAMED --add-opens=java.base/java.net=ALL-UNNAMED --add-opens=java.base/java.util.concurrent.atomic=ALL-UNNAMED -Xmx2048m -Dfile.encoding=UTF-8 -Duser.country=US -Duser.language=en -Duser.variant 
java_command: org.gradle.launcher.daemon.bootstrap.GradleDaemon 7.2
java_class_path (initial): C:\Users\RIZWAN\.gradle\wrapper\dists\gradle-7.2-bin\2dnblmf4td7x66yl1d74lt32g\gradle-7.2\lib\gradle-launcher-7.2.jar
Launcher Type: SUN_STANDARD

[Global flags]
     intx CICompilerCount                          = 3                                         {product} {ergonomic}
     uint ConcGCThreads                            = 1                                         {product} {ergonomic}
     uint G1ConcRefinementThreads                  = 4                                         {product} {ergonomic}
   size_t G1HeapRegionSize                         = 1048576                                   {product} {ergonomic}
    uintx GCDrainStackTargetSize                   = 64                                        {product} {ergonomic}
   size_t InitialHeapSize                          = 67108864                                  {product} {ergonomic}
   size_t MarkStackSize                            = 4194304                                   {product} {ergonomic}
   size_t MaxHeapSize                              = 2147483648                                {product} {command line}
   size_t MaxNewSize                               = 1287651328                                {product} {ergonomic}
   size_t MinHeapDeltaBytes                        = 1048576                                   {product} {ergonomic}
   size_t MinHeapSize                              = 8388608                                   {product} {ergonomic}
    uintx NonNMethodCodeHeapSize                   = 5832780                                {pd product} {ergonomic}
    uintx NonProfiledCodeHeapSize                  = 122912730                              {pd product} {ergonomic}
    uintx ProfiledCodeHeapSize                     = 122912730                              {pd product} {ergonomic}
    uintx ReservedCodeCacheSize                    = 251658240                              {pd product} {ergonomic}
     bool SegmentedCodeCache                       = true                                      {product} {ergonomic}
   size_t SoftMaxHeapSize                          = 2147483648                             {manageable} {ergonomic}
     bool UseCompressedClassPointers               = true                           {product lp64_product} {ergonomic}
     bool UseCompressedOops                        = true                           {product lp64_product} {ergonomic}
     bool UseG1GC                                  = true                                      {product} {ergonomic}
     bool UseLargePagesIndividualAllocation        = false                                  {pd product} {ergonomic}

Logging:
Log output configuration:
 #0: stdout all=warning uptime,level,tags
 #1: stderr all=off uptime,level,tags

Environment Variables:
PATH=C:\WINDOWS\system32;C:\WINDOWS;C:\WINDOWS\System32\Wbem;C:\WINDOWS\System32\WindowsPowerShell\v1.0\;C:\WINDOWS\System32\OpenSSH\;C:\Program Files\Git\cmd;C:\src\flutter\bin;C:\Users\RIZWAN\AppData\Local\Microsoft\WindowsApps;C:\Users\RIZWAN\AppData\Local\Programs\Microsoft VS Code\bin;C:\src\flutter\bin;
USERNAME=Usama Naeem
OS=Windows_NT
PROCESSOR_IDENTIFIER=Intel64 Family 6 Model 42 Stepping 7, GenuineIntel
TMP=C:\Users\RIZWAN\AppData\Local\Temp
TEMP=C:\Users\RIZWAN\AppData\Local\Temp


JNI global refs:
JNI global refs: 23, weak refs: 0

JNI global refs memory usage: 843, weak refs: 841


---------------  S Y S T E M  ---------------

OS:
 Windows 10 , 64 bit Build 19041 (10.0.19041.3636)
OS uptime: 0 days 1:32 hours

CPU: total 4 (initial active 4) (2 cores per cpu, 2 threads per core) family 6 model 42 stepping 7 microcode 0x2f, cx8, cmov, fxsr, ht, mmx, sse, sse2, sse3, ssse3, sse4.1, sse4.2, popcnt, tsc, tscinvbit, avx, clmul, vzeroupper, clflush

Memory: 4k page, system-wide physical 4002M (217M free)
TotalPageFile size 6050M (AvailPageFile size 1449M)
current process WorkingSet (physical memory assigned to process): 338M, peak: 338M
current process commit charge ("private bytes"): 433M, peak: 434M

vm_info: OpenJDK 64-Bit Server VM (17.0.6+0-b2043.56-10027231) for windows-amd64 JRE (17.0.6+0-b2043.56-10027231), built on Apr 28 2023 00:43:19 by "androidbuild" with MS VC++ 16.10 / 16.11 (VS2019)

END.
